#
# A fatal error has been detected by the Java Runtime Environment:
#
#  SIGSEGV (0xb) at pc=0x00007fdd7bb8330e, pid=4341, tid=140590509704960
#
# JRE version: 7.0_17-b02
# Java VM: Java HotSpot(TM) 64-Bit Server VM (23.7-b01 mixed mode linux-amd64 compressed oops)
# Problematic frame:
# C  [libgdk-x11-2.0.so.0+0x7230e]  gdk_window_enable_synchronized_configure+0xe
#
# Failed to write core dump. Core dumps have been disabled. To enable core dumping, try "ulimit -c unlimited" before starting Java again
#
# If you would like to submit a bug report, please visit:
#   http://bugreport.sun.com/bugreport/crash.jsp
# The crash happened outside the Java Virtual Machine in native code.
# See problematic frame for where to report the bug.
#

---------------  T H R E A D  ---------------

Current thread (0x00007fddc0009800):  JavaThread "main" [_thread_in_native, id=4342, stack(0x00007fddc753c000,0x00007fddc763d000)]

siginfo:si_signo=SIGSEGV: si_errno=0, si_code=1 (SEGV_MAPERR), si_addr=0x0000000000000018

Registers:
RAX=0x0000000000000000, RBX=0x00007fddc02ec000, RCX=0x00007fddc763c700, RDX=0x0000000000000000
RSP=0x00007fddc763adc0, RBP=0x00007fddc02ec0f0, RSI=0x0000000000000000, RDI=0x0000000000000000
R8 =0x00007fddc02fb460, R9 =0x0000000000000000, R10=0x00007fddc763ab70, R11=0x00007fdd7bb83300
R12=0x00007fddc02ec000, R13=0x0000000000000000, R14=0x0000000000000260, R15=0x0000000000000000
RIP=0x00007fdd7bb8330e, EFLAGS=0x0000000000010206, CSGSFS=0x0000000000000033, ERR=0x0000000000000004
  TRAPNO=0x000000000000000e

Top of Stack: (sp=0x00007fddc763adc0)
0x00007fddc763adc0:   0000000000000000 00007fddc02ec000
0x00007fddc763add0:   00007fddc02ec0f0 00007fdd733f937c
0x00007fddc763ade0:   00007fddc03010f0 00007fdd0000fc02
0x00007fddc763adf0:   000001c7c02ec000 0000000000000127
0x00007fddc763ae00:   0000000000000000 0000000000000000
0x00007fddc763ae10:   00007fdd00000001 0000003000000020
0x00007fddc763ae20:   00007fddc02e9ba0 00007fddc02eb2c0
0x00007fddc763ae30:   00000000c02937a0 00007fddb85662d0
0x00007fddc763ae40:   00007fddc02ec000 0000000000000000
0x00007fddc763ae50:   00007fddc763b108 00007fddb8567eca
0x00007fddc763ae60:   00007fddc0293180 00007fddb85662d0
0x00007fddc763ae70:   00007fddc02ec000 0000000000000000
0x00007fddc763ae80:   00007fddc763b138 00007fddb8567eca
0x00007fddc763ae90:   0000000000000000 000000007d12684b
0x00007fddc763aea0:   0000000000000000 0000000000000000
0x00007fddc763aeb0:   00007fdd00000002 00000000b829ae33
0x00007fddc763aec0:   0000000040000002 0000000000000000
0x00007fddc763aed0:   0000000500000005 00007fddb856cd65
0x00007fddc763aee0:   00007fddc0293810 00007fddb829ae33
0x00007fddc763aef0:   00007fddc763b108 00007fddb82e65d1
0x00007fddc763af00:   00007fddc02937a0 00007fddc02931d0
0x00007fddc763af10:   00007fddc763b120 00007fddc763b138
0x00007fddc763af20:   00007fddc0293180 00007fddc763b040
0x00007fddc763af30:   0000000000000000 00007fddb8580741
0x00007fddc763af40:   0000000000000000 0000000000000004
0x00007fddc763af50:   0000000000000004 00000000c763b0c8
0x00007fddc763af60:   00007fdd00000001 00007fddc02ec000
0x00007fddc763af70:   0000000000000000 0000000000000004
0x00007fddc763af80:   00007fddc0328be0 170a89207eb0f400
0x00007fddc763af90:   00007fdd7bb172d0 00007fddc763b1e4
0x00007fddc763afa0:   00007fddc763b1e0 0000000000000000
0x00007fddc763afb0:   00007fddc02ec000 00000000000001c7 

Instructions: (pc=0x00007fdd7bb8330e)
0x00007fdd7bb832ee:   00 48 83 c4 38 e9 b8 8f ff ff 0f 1f 84 00 00 00
0x00007fdd7bb832fe:   00 00 48 89 5c 24 f0 48 89 6c 24 f8 48 83 ec 18
0x00007fdd7bb8330e:   48 8b 5f 18 48 89 fd e8 26 9c ff ff 48 85 db 74
0x00007fdd7bb8331e:   22 48 8b 13 48 85 d2 74 05 48 39 02 74 0f 48 89 

Register to memory mapping:

RAX=0x0000000000000000 is an unknown value
RBX=0x00007fddc02ec000 is an unknown value
RCX=0x00007fddc763c700 is pointing into the stack for thread: 0x00007fddc0009800
RDX=0x0000000000000000 is an unknown value
RSP=0x00007fddc763adc0 is pointing into the stack for thread: 0x00007fddc0009800
RBP=0x00007fddc02ec0f0 is an unknown value
RSI=0x0000000000000000 is an unknown value
RDI=0x0000000000000000 is an unknown value
R8 =0x00007fddc02fb460 is an unknown value
R9 =0x0000000000000000 is an unknown value
R10=0x00007fddc763ab70 is pointing into the stack for thread: 0x00007fddc0009800
R11=0x00007fdd7bb83300: gdk_window_enable_synchronized_configure+0 in /usr/lib/x86_64-linux-gnu/libgdk-x11-2.0.so.0 at 0x00007fdd7bb11000
R12=0x00007fddc02ec000 is an unknown value
R13=0x0000000000000000 is an unknown value
R14=0x0000000000000260 is an unknown value
R15=0x0000000000000000 is an unknown value


Stack: [0x00007fddc753c000,0x00007fddc763d000],  sp=0x00007fddc763adc0,  free space=1019k
Native frames: (J=compiled Java code, j=interpreted, Vv=VM code, C=native code)
C  [libgdk-x11-2.0.so.0+0x7230e]  gdk_window_enable_synchronized_configure+0xe

Java frames: (J=compiled Java code, j=interpreted, Vv=VM code)
j  org.eclipse.equinox.launcher.JNIBridge._show_splash(Ljava/lang/String;)V+0
j  org.eclipse.equinox.launcher.JNIBridge.showSplash(Ljava/lang/String;)Z+2
j  org.eclipse.equinox.launcher.Main.handleSplash([Ljava/net/URL;)V+157
j  org.eclipse.equinox.launcher.Main.basicRun([Ljava/lang/String;)V+116
j  org.eclipse.equinox.launcher.Main.run([Ljava/lang/String;)I+4
j  org.eclipse.equinox.launcher.Main.main([Ljava/lang/String;)V+10
v  ~StubRoutines::call_stub

---------------  P R O C E S S  ---------------

Java Threads: ( => current thread )
  0x00007fddc0241000 JavaThread "Service Thread" daemon [_thread_blocked, id=4357, stack(0x00007fddb8ace000,0x00007fddb8bcf000)]
  0x00007fddc023e800 JavaThread "C2 CompilerThread1" daemon [_thread_blocked, id=4356, stack(0x00007fddb8bcf000,0x00007fddb8cd0000)]
  0x00007fddc023b800 JavaThread "C2 CompilerThread0" daemon [_thread_blocked, id=4355, stack(0x00007fddb8cd0000,0x00007fddb8dd1000)]
  0x00007fddc0239800 JavaThread "Signal Dispatcher" daemon [_thread_blocked, id=4354, stack(0x00007fddb8dd1000,0x00007fddb8ed2000)]
  0x00007fddc01ec000 JavaThread "Finalizer" daemon [_thread_blocked, id=4353, stack(0x00007fddb95b5000,0x00007fddb96b6000)]
  0x00007fddc01e9800 JavaThread "Reference Handler" daemon [_thread_blocked, id=4352, stack(0x00007fddb96b6000,0x00007fddb97b7000)]
=>0x00007fddc0009800 JavaThread "main" [_thread_in_native, id=4342, stack(0x00007fddc753c000,0x00007fddc763d000)]

Other Threads:
  0x00007fddc01e2000 VMThread [stack: 0x00007fddb97b7000,0x00007fddb98b8000] [id=4351]
  0x00007fddc024b800 WatcherThread [stack: 0x00007fddb89cd000,0x00007fddb8ace000] [id=4358]

VM state:not at safepoint (normal execution)

VM Mutex/Monitor currently owned by a thread: None

Heap
 PSYoungGen      total 11968K, used 1045K [0x00000000f8000000, 0x00000000f8d50000, 0x0000000100000000)
  eden space 10304K, 10% used [0x00000000f8000000,0x00000000f8105700,0x00000000f8a10000)
  from space 1664K, 0% used [0x00000000f8bb0000,0x00000000f8bb0000,0x00000000f8d50000)
  to   space 1664K, 0% used [0x00000000f8a10000,0x00000000f8a10000,0x00000000f8bb0000)
 ParOldGen       total 27328K, used 0K [0x00000000e8000000, 0x00000000e9ab0000, 0x00000000f8000000)
  object space 27328K, 0% used [0x00000000e8000000,0x00000000e8000000,0x00000000e9ab0000)
 PSPermGen       total 21248K, used 3132K [0x00000000d8000000, 0x00000000d94c0000, 0x00000000e8000000)
  object space 21248K, 14% used [0x00000000d8000000,0x00000000d830f240,0x00000000d94c0000)

Card table byte_map: [0x00007fddc4842000,0x00007fddc4983000] byte_map_base: 0x00007fddc4182000

Polling page: 0x00007fddc7653000

Code Cache  [0x00007fddbd000000, 0x00007fddbd270000, 0x00007fddc0000000)
 total_blobs=189 nmethods=3 adapters=139 free_code_cache=48755Kb largest_free_block=49906176

Compilation events (6 events):
Event: 0.073 Thread 0x00007fddc023b800    1             java.lang.String::hashCode (55 bytes)
Event: 0.079 Thread 0x00007fddc023b800 nmethod 1 0x00007fddbd060950 code [0x00007fddbd060aa0, 0x00007fddbd060c18]
Event: 0.080 Thread 0x00007fddc023b800    2             java.util.Properties$LineReader::readLine (452 bytes)
Event: 0.097 Thread 0x00007fddc023b800 nmethod 2 0x00007fddbd05f550 code [0x00007fddbd05f6e0, 0x00007fddbd05fed8]
Event: 0.103 Thread 0x00007fddc023e800    3             sun.nio.cs.UTF_8$Decoder::decode (640 bytes)
Event: 0.123 Thread 0x00007fddc023e800 nmethod 3 0x00007fddbd065c90 code [0x00007fddbd065f80, 0x00007fddbd066d30]

GC Heap History (0 events):
No events

Deoptimization events (0 events):
No events

Internal exceptions (7 events):
Event: 0.019 Thread 0x00007fddc0009800 Threw 0x00000000f80061a8 at /HUDSON/workspace/jdk7u17-2-build-linux-amd64-product/jdk7u17/hotspot/src/share/vm/prims/jni.cpp:3994
Event: 0.053 Thread 0x00007fddc0009800 Threw 0x00000000f80515f0 at /HUDSON/workspace/jdk7u17-2-build-linux-amd64-product/jdk7u17/hotspot/src/share/vm/prims/jvm.cpp:1166
Event: 0.062 Thread 0x00007fddc0009800 Threw 0x00000000f8086d40 at /HUDSON/workspace/jdk7u17-2-build-linux-amd64-product/jdk7u17/hotspot/src/share/vm/prims/jvm.cpp:1166
Event: 0.062 Thread 0x00007fddc0009800 Threw 0x00000000f808a440 at /HUDSON/workspace/jdk7u17-2-build-linux-amd64-product/jdk7u17/hotspot/src/share/vm/prims/jvm.cpp:1166
Event: 0.065 Thread 0x00007fddc0009800 Threw 0x00000000f808ec80 at /HUDSON/workspace/jdk7u17-2-build-linux-amd64-product/jdk7u17/hotspot/src/share/vm/prims/jvm.cpp:1166
Event: 0.070 Thread 0x00007fddc0009800 Threw 0x00000000f80a9bc0 at /HUDSON/workspace/jdk7u17-2-build-linux-amd64-product/jdk7u17/hotspot/src/share/vm/prims/jvm.cpp:1166
Event: 0.119 Thread 0x00007fddc0009800 Threw 0x00000000f80e3288 at /HUDSON/workspace/jdk7u17-2-build-linux-amd64-product/jdk7u17/hotspot/src/share/vm/prims/nativeLookup.c

Events (10 events):
Event: 0.101 loading class 0x00007fddc01f9400
Event: 0.101 loading class 0x00007fddc01f9400 done
Event: 0.101 loading class 0x00007fddc027a750
Event: 0.101 loading class 0x00007fddc027a750 done
Event: 0.101 loading class 0x00007fddc005a6e0
Event: 0.101 loading class 0x00007fddc005a6e0 done
Event: 0.101 loading class 0x00007fddc027ada0
Event: 0.101 loading class 0x00007fddc027ada0 done
Event: 0.101 loading class 0x00007fddc0097370
Event: 0.102 loading class 0x00007fddc0097370 done


Dynamic libraries:
00400000-00401000 r-xp 00000000 08:06 17041989                           /home/gaoang/Software/java-7/jdk1.7.0_17/bin/java
00600000-00601000 rw-p 00000000 08:06 17041989                           /home/gaoang/Software/java-7/jdk1.7.0_17/bin/java
013a1000-013c2000 rw-p 00000000 00:00 0                                  [heap]
d8000000-d94c0000 rw-p 00000000 00:00 0 
d94c0000-e8000000 rw-p 00000000 00:00 0 
e8000000-e9ab0000 rw-p 00000000 00:00 0 
e9ab0000-f8000000 rw-p 00000000 00:00 0 
f8000000-f8d50000 rw-p 00000000 00:00 0 
f8d50000-100000000 rw-p 00000000 00:00 0 
7fdd6c000000-7fdd6c021000 rw-p 00000000 00:00 0 
7fdd6c021000-7fdd70000000 ---p 00000000 00:00 0 
7fdd71595000-7fdd71596000 ---p 00000000 00:00 0 
7fdd71596000-7fdd71d96000 rw-p 00000000 00:00 0                          [stack:4359]
7fdd71d96000-7fdd71dab000 r-xp 00000000 08:01 919673                     /lib/x86_64-linux-gnu/libgcc_s.so.1
7fdd71dab000-7fdd71faa000 ---p 00015000 08:01 919673                     /lib/x86_64-linux-gnu/libgcc_s.so.1
7fdd71faa000-7fdd71fab000 r--p 00014000 08:01 919673                     /lib/x86_64-linux-gnu/libgcc_s.so.1
7fdd71fab000-7fdd71fac000 rw-p 00015000 08:01 919673                     /lib/x86_64-linux-gnu/libgcc_s.so.1
7fdd71fac000-7fdd7208e000 r-xp 00000000 08:01 1447797                    /usr/lib/x86_64-linux-gnu/libstdc++.so.6.0.16
7fdd7208e000-7fdd7228d000 ---p 000e2000 08:01 1447797                    /usr/lib/x86_64-linux-gnu/libstdc++.so.6.0.16
7fdd7228d000-7fdd72295000 r--p 000e1000 08:01 1447797                    /usr/lib/x86_64-linux-gnu/libstdc++.so.6.0.16
7fdd72295000-7fdd72297000 rw-p 000e9000 08:01 1447797                    /usr/lib/x86_64-linux-gnu/libstdc++.so.6.0.16
7fdd72297000-7fdd722ac000 rw-p 00000000 00:00 0 
7fdd722c5000-7fdd722c8000 r-xp 00000000 08:01 1574670                    /usr/lib/x86_64-linux-gnu/gdk-pixbuf-2.0/2.10.0/loaders/libpixbufloader-bmp.so
7fdd722c8000-7fdd724c8000 ---p 00003000 08:01 1574670                    /usr/lib/x86_64-linux-gnu/gdk-pixbuf-2.0/2.10.0/loaders/libpixbufloader-bmp.so
7fdd724c8000-7fdd724c9000 r--p 00003000 08:01 1574670                    /usr/lib/x86_64-linux-gnu/gdk-pixbuf-2.0/2.10.0/loaders/libpixbufloader-bmp.so
7fdd724c9000-7fdd724ca000 rw-p 00004000 08:01 1574670                    /usr/lib/x86_64-linux-gnu/gdk-pixbuf-2.0/2.10.0/loaders/libpixbufloader-bmp.so
7fdd724ca000-7fdd724d1000 r-xp 00000000 08:01 1574689                    /usr/lib/x86_64-linux-gnu/gio/modules/libdconfsettings.so
7fdd724d1000-7fdd726d0000 ---p 00007000 08:01 1574689                    /usr/lib/x86_64-linux-gnu/gio/modules/libdconfsettings.so
7fdd726d0000-7fdd726d1000 r--p 00006000 08:01 1574689                    /usr/lib/x86_64-linux-gnu/gio/modules/libdconfsettings.so
7fdd726d1000-7fdd726d2000 rw-p 00007000 08:01 1574689                    /usr/lib/x86_64-linux-gnu/gio/modules/libdconfsettings.so
7fdd726d2000-7fdd726e8000 r-xp 00000000 08:01 1574897                    /usr/lib/x86_64-linux-gnu/gvfs/libgvfscommon.so
7fdd726e8000-7fdd728e7000 ---p 00016000 08:01 1574897                    /usr/lib/x86_64-linux-gnu/gvfs/libgvfscommon.so
7fdd728e7000-7fdd728e8000 r--p 00015000 08:01 1574897                    /usr/lib/x86_64-linux-gnu/gvfs/libgvfscommon.so
7fdd728e8000-7fdd728e9000 rw-p 00016000 08:01 1574897                    /usr/lib/x86_64-linux-gnu/gvfs/libgvfscommon.so
7fdd728e9000-7fdd7292b000 r-xp 00000000 08:01 919664                     /lib/x86_64-linux-gnu/libdbus-1.so.3.5.8
7fdd7292b000-7fdd72b2b000 ---p 00042000 08:01 919664                     /lib/x86_64-linux-gnu/libdbus-1.so.3.5.8
7fdd72b2b000-7fdd72b2c000 r--p 00042000 08:01 919664                     /lib/x86_64-linux-gnu/libdbus-1.so.3.5.8
7fdd72b2c000-7fdd72b2d000 rw-p 00043000 08:01 919664                     /lib/x86_64-linux-gnu/libdbus-1.so.3.5.8
7fdd72b2d000-7fdd72b3d000 r-xp 00000000 08:01 1574693                    /usr/lib/x86_64-linux-gnu/gio/modules/libgioremote-volume-monitor.so
7fdd72b3d000-7fdd72d3c000 ---p 00010000 08:01 1574693                    /usr/lib/x86_64-linux-gnu/gio/modules/libgioremote-volume-monitor.so
7fdd72d3c000-7fdd72d3d000 r--p 0000f000 08:01 1574693                    /usr/lib/x86_64-linux-gnu/gio/modules/libgioremote-volume-monitor.so
7fdd72d3d000-7fdd72d3e000 rw-p 00010000 08:01 1574693                    /usr/lib/x86_64-linux-gnu/gio/modules/libgioremote-volume-monitor.so
7fdd72d3e000-7fdd72d62000 r--p 00000000 08:01 131733                     /usr/share/glib-2.0/schemas/gschemas.compiled
7fdd72d62000-7fdd72d72000 r-xp 00000000 08:01 1442050                    /usr/lib/liboverlay-scrollbar-0.2.so.0.0.16
7fdd72d72000-7fdd72f71000 ---p 00010000 08:01 1442050                    /usr/lib/liboverlay-scrollbar-0.2.so.0.0.16
7fdd72f71000-7fdd72f72000 r--p 0000f000 08:01 1442050                    /usr/lib/liboverlay-scrollbar-0.2.so.0.0.16
7fdd72f72000-7fdd72f73000 rw-p 00010000 08:01 1442050                    /usr/lib/liboverlay-scrollbar-0.2.so.0.0.16
7fdd72f73000-7fdd72f92000 r-xp 00000000 08:01 1447317                    /usr/lib/x86_64-linux-gnu/libatk-1.0.so.0.20409.1
7fdd72f92000-7fdd73192000 ---p 0001f000 08:01 1447317                    /usr/lib/x86_64-linux-gnu/libatk-1.0.so.0.20409.1
7fdd73192000-7fdd73194000 r--p 0001f000 08:01 1447317                    /usr/lib/x86_64-linux-gnu/libatk-1.0.so.0.20409.1
7fdd73194000-7fdd73195000 rw-p 00021000 08:01 1447317                    /usr/lib/x86_64-linux-gnu/libatk-1.0.so.0.20409.1
7fdd73195000-7fdd735c2000 r-xp 00000000 08:01 1447575                    /usr/lib/x86_64-linux-gnu/libgtk-x11-2.0.so.0.2400.10
7fdd735c2000-7fdd737c2000 ---p 0042d000 08:01 1447575                    /usr/lib/x86_64-linux-gnu/libgtk-x11-2.0.so.0.2400.10
7fdd737c2000-7fdd737c9000 r--p 0042d000 08:01 1447575                    /usr/lib/x86_64-linux-gnu/libgtk-x11-2.0.so.0.2400.10
7fdd737c9000-7fdd737cd000 rw-p 00434000 08:01 1447575                    /usr/lib/x86_64-linux-gnu/libgtk-x11-2.0.so.0.2400.10
7fdd737cd000-7fdd737cf000 rw-p 00000000 00:00 0 
7fdd737cf000-7fdd737d4000 r-xp 00000000 08:01 1447265                    /usr/lib/x86_64-linux-gnu/libXdmcp.so.6.0.0
7fdd737d4000-7fdd739d3000 ---p 00005000 08:01 1447265                    /usr/lib/x86_64-linux-gnu/libXdmcp.so.6.0.0
7fdd739d3000-7fdd739d4000 r--p 00004000 08:01 1447265                    /usr/lib/x86_64-linux-gnu/libXdmcp.so.6.0.0
7fdd739d4000-7fdd739d5000 rw-p 00005000 08:01 1447265                    /usr/lib/x86_64-linux-gnu/libXdmcp.so.6.0.0
7fdd739d5000-7fdd739d7000 r-xp 00000000 08:01 1447254                    /usr/lib/x86_64-linux-gnu/libXau.so.6.0.0
7fdd739d7000-7fdd73bd6000 ---p 00002000 08:01 1447254                    /usr/lib/x86_64-linux-gnu/libXau.so.6.0.0
7fdd73bd6000-7fdd73bd7000 r--p 00001000 08:01 1447254                    /usr/lib/x86_64-linux-gnu/libXau.so.6.0.0
7fdd73bd7000-7fdd73bd8000 rw-p 00002000 08:01 1447254                    /usr/lib/x86_64-linux-gnu/libXau.so.6.0.0
7fdd73bd8000-7fdd73bf5000 r-xp 00000000 08:01 1447861                    /usr/lib/x86_64-linux-gnu/libxcb.so.1.1.0
7fdd73bf5000-7fdd73df4000 ---p 0001d000 08:01 1447861                    /usr/lib/x86_64-linux-gnu/libxcb.so.1.1.0
7fdd73df4000-7fdd73df5000 r--p 0001c000 08:01 1447861                    /usr/lib/x86_64-linux-gnu/libxcb.so.1.1.0
7fdd73df5000-7fdd73df6000 rw-p 0001d000 08:01 1447861                    /usr/lib/x86_64-linux-gnu/libxcb.so.1.1.0
7fdd73df6000-7fdd73dfe000 r-xp 00000000 08:01 1447853                    /usr/lib/x86_64-linux-gnu/libxcb-render.so.0.0.0
7fdd73dfe000-7fdd73ffe000 ---p 00008000 08:01 1447853                    /usr/lib/x86_64-linux-gnu/libxcb-render.so.0.0.0
7fdd73ffe000-7fdd73fff000 r--p 00008000 08:01 1447853                    /usr/lib/x86_64-linux-gnu/libxcb-render.so.0.0.0
7fdd73fff000-7fdd74000000 rw-p 00009000 08:01 1447853                    /usr/lib/x86_64-linux-gnu/libxcb-render.so.0.0.0
7fdd74000000-7fdd74021000 rw-p 00000000 00:00 0 
7fdd74021000-7fdd78000000 ---p 00000000 00:00 0 
7fdd7807e000-7fdd780e1000 rw-p 00000000 00:00 0 
7fdd780e1000-7fdd780e3000 r-xp 00000000 08:01 1447857                    /usr/lib/x86_64-linux-gnu/libxcb-shm.so.0.0.0
7fdd780e3000-7fdd782e2000 ---p 00002000 08:01 1447857                    /usr/lib/x86_64-linux-gnu/libxcb-shm.so.0.0.0
7fdd782e2000-7fdd782e3000 r--p 00001000 08:01 1447857                    /usr/lib/x86_64-linux-gnu/libxcb-shm.so.0.0.0
7fdd782e3000-7fdd782e4000 rw-p 00002000 08:01 1447857                    /usr/lib/x86_64-linux-gnu/libxcb-shm.so.0.0.0
7fdd782e4000-7fdd7830a000 r-xp 00000000 08:01 919729                     /lib/x86_64-linux-gnu/libpng12.so.0.46.0
7fdd7830a000-7fdd7850a000 ---p 00026000 08:01 919729                     /lib/x86_64-linux-gnu/libpng12.so.0.46.0
7fdd7850a000-7fdd7850b000 r--p 00026000 08:01 919729                     /lib/x86_64-linux-gnu/libpng12.so.0.46.0
7fdd7850b000-7fdd7850c000 rw-p 00027000 08:01 919729                     /lib/x86_64-linux-gnu/libpng12.so.0.46.0
7fdd7850c000-7fdd7858d000 r-xp 00000000 08:01 1447712                    /usr/lib/x86_64-linux-gnu/libpixman-1.so.0.24.4
7fdd7858d000-7fdd7878c000 ---p 00081000 08:01 1447712                    /usr/lib/x86_64-linux-gnu/libpixman-1.so.0.24.4
7fdd7878c000-7fdd78792000 r--p 00080000 08:01 1447712                    /usr/lib/x86_64-linux-gnu/libpixman-1.so.0.24.4
7fdd78792000-7fdd78793000 rw-p 00086000 08:01 1447712                    /usr/lib/x86_64-linux-gnu/libpixman-1.so.0.24.4
7fdd78793000-7fdd787ba000 r-xp 00000000 08:01 919670                     /lib/x86_64-linux-gnu/libexpat.so.1.5.2
7fdd787ba000-7fdd789ba000 ---p 00027000 08:01 919670                     /lib/x86_64-linux-gnu/libexpat.so.1.5.2
7fdd789ba000-7fdd789bc000 r--p 00027000 08:01 919670                     /lib/x86_64-linux-gnu/libexpat.so.1.5.2
7fdd789bc000-7fdd789bd000 rw-p 00029000 08:01 919670                     /lib/x86_64-linux-gnu/libexpat.so.1.5.2
7fdd789bd000-7fdd789d5000 r-xp 00000000 08:01 919736                     /lib/x86_64-linux-gnu/libresolv-2.15.so
7fdd789d5000-7fdd78bd5000 ---p 00018000 08:01 919736                     /lib/x86_64-linux-gnu/libresolv-2.15.so
7fdd78bd5000-7fdd78bd6000 r--p 00018000 08:01 919736                     /lib/x86_64-linux-gnu/libresolv-2.15.so
7fdd78bd6000-7fdd78bd7000 rw-p 00019000 08:01 919736                     /lib/x86_64-linux-gnu/libresolv-2.15.so
7fdd78bd7000-7fdd78bd9000 rw-p 00000000 00:00 0 
7fdd78bd9000-7fdd78bf6000 r-xp 00000000 08:01 919740                     /lib/x86_64-linux-gnu/libselinux.so.1
7fdd78bf6000-7fdd78df5000 ---p 0001d000 08:01 919740                     /lib/x86_64-linux-gnu/libselinux.so.1
7fdd78df5000-7fdd78df6000 r--p 0001c000 08:01 919740                     /lib/x86_64-linux-gnu/libselinux.so.1
7fdd78df6000-7fdd78df7000 rw-p 0001d000 08:01 919740                     /lib/x86_64-linux-gnu/libselinux.so.1
7fdd78df7000-7fdd78df8000 rw-p 00000000 00:00 0 
7fdd78df8000-7fdd78e0e000 r-xp 00000000 08:01 919763                     /lib/x86_64-linux-gnu/libz.so.1.2.3.4
7fdd78e0e000-7fdd7900d000 ---p 00016000 08:01 919763                     /lib/x86_64-linux-gnu/libz.so.1.2.3.4
7fdd7900d000-7fdd7900e000 r--p 00015000 08:01 919763                     /lib/x86_64-linux-gnu/libz.so.1.2.3.4
7fdd7900e000-7fdd7900f000 rw-p 00016000 08:01 919763                     /lib/x86_64-linux-gnu/libz.so.1.2.3.4
7fdd7900f000-7fdd79012000 r-xp 00000000 08:01 1447500                    /usr/lib/x86_64-linux-gnu/libgmodule-2.0.so.0.3200.3
7fdd79012000-7fdd79211000 ---p 00003000 08:01 1447500                    /usr/lib/x86_64-linux-gnu/libgmodule-2.0.so.0.3200.3
7fdd79211000-7fdd79212000 r--p 00002000 08:01 1447500                    /usr/lib/x86_64-linux-gnu/libgmodule-2.0.so.0.3200.3
7fdd79212000-7fdd79213000 rw-p 00003000 08:01 1447500                    /usr/lib/x86_64-linux-gnu/libgmodule-2.0.so.0.3200.3
7fdd79213000-7fdd792a9000 r-xp 00000000 08:01 1447457                    /usr/lib/x86_64-linux-gnu/libfreetype.so.6.8.0
7fdd792a9000-7fdd794a8000 ---p 00096000 08:01 1447457                    /usr/lib/x86_64-linux-gnu/libfreetype.so.6.8.0
7fdd794a8000-7fdd794ae000 r--p 00095000 08:01 1447457                    /usr/lib/x86_64-linux-gnu/libfreetype.so.6.8.0
7fdd794ae000-7fdd794af000 rw-p 0009b000 08:01 1447457                    /usr/lib/x86_64-linux-gnu/libfreetype.so.6.8.0
7fdd794af000-7fdd794d8000 r-xp 00000000 08:01 1447696                    /usr/lib/x86_64-linux-gnu/libpangoft2-1.0.so.0.3000.0
7fdd794d8000-7fdd796d7000 ---p 00029000 08:01 1447696                    /usr/lib/x86_64-linux-gnu/libpangoft2-1.0.so.0.3000.0
7fdd796d7000-7fdd796d8000 r--p 00028000 08:01 1447696                    /usr/lib/x86_64-linux-gnu/libpangoft2-1.0.so.0.3000.0
7fdd796d8000-7fdd796d9000 rw-p 00029000 08:01 1447696                    /usr/lib/x86_64-linux-gnu/libpangoft2-1.0.so.0.3000.0
7fdd796d9000-7fdd79808000 r-xp 00000000 08:01 1447252                    /usr/lib/x86_64-linux-gnu/libX11.so.6.3.0
7fdd79808000-7fdd79a08000 ---p 0012f000 08:01 1447252                    /usr/lib/x86_64-linux-gnu/libX11.so.6.3.0
7fdd79a08000-7fdd79a09000 r--p 0012f000 08:01 1447252                    /usr/lib/x86_64-linux-gnu/libX11.so.6.3.0
7fdd79a09000-7fdd79a0d000 rw-p 00130000 08:01 1447252                    /usr/lib/x86_64-linux-gnu/libX11.so.6.3.0
7fdd79a0d000-7fdd79ac6000 r-xp 00000000 08:01 1447355                    /usr/lib/x86_64-linux-gnu/libcairo.so.2.11000.2
7fdd79ac6000-7fdd79cc5000 ---p 000b9000 08:01 1447355                    /usr/lib/x86_64-linux-gnu/libcairo.so.2.11000.2
7fdd79cc5000-7fdd79cc7000 r--p 000b8000 08:01 1447355                    /usr/lib/x86_64-linux-gnu/libcairo.so.2.11000.2
7fdd79cc7000-7fdd79cc8000 rw-p 000ba000 08:01 1447355                    /usr/lib/x86_64-linux-gnu/libcairo.so.2.11000.2
7fdd79cc8000-7fdd79ccb000 rw-p 00000000 00:00 0 
7fdd79ccb000-7fdd79cd0000 r-xp 00000000 08:01 1447269                    /usr/lib/x86_64-linux-gnu/libXfixes.so.3.1.0
7fdd79cd0000-7fdd79ecf000 ---p 00005000 08:01 1447269                    /usr/lib/x86_64-linux-gnu/libXfixes.so.3.1.0
7fdd79ecf000-7fdd79ed0000 r--p 00004000 08:01 1447269                    /usr/lib/x86_64-linux-gnu/libXfixes.so.3.1.0
7fdd79ed0000-7fdd79ed1000 rw-p 00005000 08:01 1447269                    /usr/lib/x86_64-linux-gnu/libXfixes.so.3.1.0
7fdd79ed1000-7fdd79ed3000 r-xp 00000000 08:01 1447263                    /usr/lib/x86_64-linux-gnu/libXdamage.so.1.1.0
7fdd79ed3000-7fdd7a0d2000 ---p 00002000 08:01 1447263                    /usr/lib/x86_64-linux-gnu/libXdamage.so.1.1.0
7fdd7a0d2000-7fdd7a0d3000 r--p 00001000 08:01 1447263                    /usr/lib/x86_64-linux-gnu/libXdamage.so.1.1.0
7fdd7a0d3000-7fdd7a0d4000 rw-p 00002000 08:01 1447263                    /usr/lib/x86_64-linux-gnu/libXdamage.so.1.1.0
7fdd7a0d4000-7fdd7a0d6000 r-xp 00000000 08:01 1447259                    /usr/lib/x86_64-linux-gnu/libXcomposite.so.1.0.0
7fdd7a0d6000-7fdd7a2d5000 ---p 00002000 08:01 1447259                    /usr/lib/x86_64-linux-gnu/libXcomposite.so.1.0.0
7fdd7a2d5000-7fdd7a2d6000 r--p 00001000 08:01 1447259                    /usr/lib/x86_64-linux-gnu/libXcomposite.so.1.0.0
7fdd7a2d6000-7fdd7a2d7000 rw-p 00002000 08:01 1447259                    /usr/lib/x86_64-linux-gnu/libXcomposite.so.1.0.0
7fdd7a2d7000-7fdd7a2e0000 r-xp 00000000 08:01 1447261                    /usr/lib/x86_64-linux-gnu/libXcursor.so.1.0.2
7fdd7a2e0000-7fdd7a4df000 ---p 00009000 08:01 1447261                    /usr/lib/x86_64-linux-gnu/libXcursor.so.1.0.2
7fdd7a4df000-7fdd7a4e0000 r--p 00008000 08:01 1447261                    /usr/lib/x86_64-linux-gnu/libXcursor.so.1.0.2
7fdd7a4e0000-7fdd7a4e1000 rw-p 00009000 08:01 1447261                    /usr/lib/x86_64-linux-gnu/libXcursor.so.1.0.2
7fdd7a4e1000-7fdd7a4e9000 r-xp 00000000 08:01 1447285                    /usr/lib/x86_64-linux-gnu/libXrandr.so.2.2.0
7fdd7a4e9000-7fdd7a6e8000 ---p 00008000 08:01 1447285                    /usr/lib/x86_64-linux-gnu/libXrandr.so.2.2.0
7fdd7a6e8000-7fdd7a6e9000 r--p 00007000 08:01 1447285                    /usr/lib/x86_64-linux-gnu/libXrandr.so.2.2.0
7fdd7a6e9000-7fdd7a6ea000 rw-p 00008000 08:01 1447285                    /usr/lib/x86_64-linux-gnu/libXrandr.so.2.2.0
7fdd7a6ea000-7fdd7a6f8000 r-xp 00000000 08:01 1447273                    /usr/lib/x86_64-linux-gnu/libXi.so.6.1.0
7fdd7a6f8000-7fdd7a8f7000 ---p 0000e000 08:01 1447273                    /usr/lib/x86_64-linux-gnu/libXi.so.6.1.0
7fdd7a8f7000-7fdd7a8f8000 r--p 0000d000 08:01 1447273                    /usr/lib/x86_64-linux-gnu/libXi.so.6.1.0
7fdd7a8f8000-7fdd7a8f9000 rw-p 0000e000 08:01 1447273                    /usr/lib/x86_64-linux-gnu/libXi.so.6.1.0
7fdd7a8f9000-7fdd7a8fb000 r-xp 00000000 08:01 1447275                    /usr/lib/x86_64-linux-gnu/libXinerama.so.1.0.0
7fdd7a8fb000-7fdd7aafa000 ---p 00002000 08:01 1447275                    /usr/lib/x86_64-linux-gnu/libXinerama.so.1.0.0
7fdd7aafa000-7fdd7aafb000 r--p 00001000 08:01 1447275                    /usr/lib/x86_64-linux-gnu/libXinerama.so.1.0.0
7fdd7aafb000-7fdd7aafc000 rw-p 00002000 08:01 1447275                    /usr/lib/x86_64-linux-gnu/libXinerama.so.1.0.0
7fdd7aafc000-7fdd7ab05000 r-xp 00000000 08:01 1447289                    /usr/lib/x86_64-linux-gnu/libXrender.so.1.3.0
7fdd7ab05000-7fdd7ad04000 ---p 00009000 08:01 1447289                    /usr/lib/x86_64-linux-gnu/libXrender.so.1.3.0
7fdd7ad04000-7fdd7ad05000 r--p 00008000 08:01 1447289                    /usr/lib/x86_64-linux-gnu/libXrender.so.1.3.0
7fdd7ad05000-7fdd7ad06000 rw-p 00009000 08:01 1447289                    /usr/lib/x86_64-linux-gnu/libXrender.so.1.3.0
7fdd7ad06000-7fdd7ad16000 r-xp 00000000 08:01 1447267                    /usr/lib/x86_64-linux-gnu/libXext.so.6.4.0
7fdd7ad16000-7fdd7af15000 ---p 00010000 08:01 1447267                    /usr/lib/x86_64-linux-gnu/libXext.so.6.4.0
7fdd7af15000-7fdd7af16000 r--p 0000f000 08:01 1447267                    /usr/lib/x86_64-linux-gnu/libXext.so.6.4.0
7fdd7af16000-7fdd7af17000 rw-p 00010000 08:01 1447267                    /usr/lib/x86_64-linux-gnu/libXext.so.6.4.0
7fdd7af17000-7fdd7af4b000 r-xp 00000000 08:01 1447449                    /usr/lib/x86_64-linux-gnu/libfontconfig.so.1.4.4
7fdd7af4b000-7fdd7b14b000 ---p 00034000 08:01 1447449                    /usr/lib/x86_64-linux-gnu/libfontconfig.so.1.4.4
7fdd7b14b000-7fdd7b14c000 r--p 00034000 08:01 1447449                    /usr/lib/x86_64-linux-gnu/libfontconfig.so.1.4.4
7fdd7b14c000-7fdd7b14d000 rw-p 00035000 08:01 1447449                    /usr/lib/x86_64-linux-gnu/libfontconfig.so.1.4.4
7fdd7b14d000-7fdd7b295000 r-xp 00000000 08:01 1447490                    /usr/lib/x86_64-linux-gnu/libgio-2.0.so.0.3200.3
7fdd7b295000-7fdd7b494000 ---p 00148000 08:01 1447490                    /usr/lib/x86_64-linux-gnu/libgio-2.0.so.0.3200.3
7fdd7b494000-7fdd7b498000 r--p 00147000 08:01 1447490                    /usr/lib/x86_64-linux-gnu/libgio-2.0.so.0.3200.3
7fdd7b498000-7fdd7b49a000 rw-p 0014b000 08:01 1447490                    /usr/lib/x86_64-linux-gnu/libgio-2.0.so.0.3200.3
7fdd7b49a000-7fdd7b49c000 rw-p 00000000 00:00 0 
7fdd7b49c000-7fdd7b4ba000 r-xp 00000000 08:01 1447478                    /usr/lib/x86_64-linux-gnu/libgdk_pixbuf-2.0.so.0.2600.1
7fdd7b4ba000-7fdd7b6ba000 ---p 0001e000 08:01 1447478                    /usr/lib/x86_64-linux-gnu/libgdk_pixbuf-2.0.so.0.2600.1
7fdd7b6ba000-7fdd7b6bb000 r--p 0001e000 08:01 1447478                    /usr/lib/x86_64-linux-gnu/libgdk_pixbuf-2.0.so.0.2600.1
7fdd7b6bb000-7fdd7b6bc000 rw-p 0001f000 08:01 1447478                    /usr/lib/x86_64-linux-gnu/libgdk_pixbuf-2.0.so.0.2600.1
7fdd7b6bc000-7fdd7b702000 r-xp 00000000 08:01 1447692                    /usr/lib/x86_64-linux-gnu/libpango-1.0.so.0.3000.0
7fdd7b702000-7fdd7b902000 ---p 00046000 08:01 1447692                    /usr/lib/x86_64-linux-gnu/libpango-1.0.so.0.3000.0
7fdd7b902000-7fdd7b904000 r--p 00046000 08:01 1447692                    /usr/lib/x86_64-linux-gnu/libpango-1.0.so.0.3000.0
7fdd7b904000-7fdd7b905000 rw-p 00048000 08:01 1447692                    /usr/lib/x86_64-linux-gnu/libpango-1.0.so.0.3000.0
7fdd7b905000-7fdd7b910000 r-xp 00000000 08:01 1447694                    /usr/lib/x86_64-linux-gnu/libpangocairo-1.0.so.0.3000.0
7fdd7b910000-7fdd7bb0f000 ---p 0000b000 08:01 1447694                    /usr/lib/x86_64-linux-gnu/libpangocairo-1.0.so.0.3000.0
7fdd7bb0f000-7fdd7bb10000 r--p 0000a000 08:01 1447694                    /usr/lib/x86_64-linux-gnu/libpangocairo-1.0.so.0.3000.0
7fdd7bb10000-7fdd7bb11000 rw-p 0000b000 08:01 1447694                    /usr/lib/x86_64-linux-gnu/libpangocairo-1.0.so.0.3000.0
7fdd7bb11000-7fdd7bbbe000 r-xp 00000000 08:01 1447476                    /usr/lib/x86_64-linux-gnu/libgdk-x11-2.0.so.0.2400.10
7fdd7bbbe000-7fdd7bdbd000 ---p 000ad000 08:01 1447476                    /usr/lib/x86_64-linux-gnu/libgdk-x11-2.0.so.0.2400.10
7fdd7bdbd000-7fdd7bdc1000 r--p 000ac000 08:01 1447476                    /usr/lib/x86_64-linux-gnu/libgdk-x11-2.0.so.0.2400.10
7fdd7bdc1000-7fdd7bdc3000 rw-p 000b0000 08:01 1447476                    /usr/lib/x86_64-linux-gnu/libgdk-x11-2.0.so.0.2400.10
7fdd7bdc3000-7fdd7bdff000 r-xp 00000000 08:01 919725                     /lib/x86_64-linux-gnu/libpcre.so.3.12.1
7fdd7bdff000-7fdd7bffe000 ---p 0003c000 08:01 919725                     /lib/x86_64-linux-gnu/libpcre.so.3.12.1
7fdd7bffe000-7fdd7bfff000 r--p 0003b000 08:01 919725                     /lib/x86_64-linux-gnu/libpcre.so.3.12.1
7fdd7bfff000-7fdd7c000000 rw-p 0003c000 08:01 919725                     /lib/x86_64-linux-gnu/libpcre.so.3.12.1
7fdd7c000000-7fdd7c101000 rw-p 00000000 00:00 0 
7fdd7c101000-7fdd80000000 ---p 00000000 00:00 0 
7fdd80000000-7fdd80021000 rw-p 00000000 00:00 0 
7fdd80021000-7fdd84000000 ---p 00000000 00:00 0 
7fdd84000000-7fdd84021000 rw-p 00000000 00:00 0 
7fdd84021000-7fdd88000000 ---p 00000000 00:00 0 
7fdd88000000-7fdd8811c000 rw-p 00000000 00:00 0 
7fdd8811c000-7fdd8c000000 ---p 00000000 00:00 0 
7fdd8c000000-7fdd8c021000 rw-p 00000000 00:00 0 
7fdd8c021000-7fdd90000000 ---p 00000000 00:00 0 
7fdd90000000-7fdd90021000 rw-p 00000000 00:00 0 
7fdd90021000-7fdd94000000 ---p 00000000 00:00 0 
7fdd94000000-7fdd94021000 rw-p 00000000 00:00 0 
7fdd94021000-7fdd98000000 ---p 00000000 00:00 0 
7fdd98000000-7fdd98021000 rw-p 00000000 00:00 0 
7fdd98021000-7fdd9c000000 ---p 00000000 00:00 0 
7fdd9c000000-7fdd9c021000 rw-p 00000000 00:00 0 
7fdd9c021000-7fdda0000000 ---p 00000000 00:00 0 
7fdda0000000-7fdda0021000 rw-p 00000000 00:00 0 
7fdda0021000-7fdda4000000 ---p 00000000 00:00 0 
7fdda4000000-7fdda4021000 rw-p 00000000 00:00 0 
7fdda4021000-7fdda8000000 ---p 00000000 00:00 0 
7fdda8000000-7fdda8021000 rw-p 00000000 00:00 0 
7fdda8021000-7fddac000000 ---p 00000000 00:00 0 
7fddac000000-7fddac021000 rw-p 00000000 00:00 0 
7fddac021000-7fddb0000000 ---p 00000000 00:00 0 
7fddb0000000-7fddb0021000 rw-p 00000000 00:00 0 
7fddb0021000-7fddb4000000 ---p 00000000 00:00 0 
7fddb4000000-7fddb4021000 rw-p 00000000 00:00 0 
7fddb4021000-7fddb8000000 ---p 00000000 00:00 0 
7fddb805b000-7fddb8062000 r-xp 00000000 08:01 1447447                    /usr/lib/x86_64-linux-gnu/libffi.so.6.0.0
7fddb8062000-7fddb8261000 ---p 00007000 08:01 1447447                    /usr/lib/x86_64-linux-gnu/libffi.so.6.0.0
7fddb8261000-7fddb8262000 r--p 00006000 08:01 1447447                    /usr/lib/x86_64-linux-gnu/libffi.so.6.0.0
7fddb8262000-7fddb8263000 rw-p 00007000 08:01 1447447                    /usr/lib/x86_64-linux-gnu/libffi.so.6.0.0
7fddb8263000-7fddb8355000 r-xp 00000000 08:01 919677                     /lib/x86_64-linux-gnu/libglib-2.0.so.0.3200.3
7fddb8355000-7fddb8555000 ---p 000f2000 08:01 919677                     /lib/x86_64-linux-gnu/libglib-2.0.so.0.3200.3
7fddb8555000-7fddb8556000 r--p 000f2000 08:01 919677                     /lib/x86_64-linux-gnu/libglib-2.0.so.0.3200.3
7fddb8556000-7fddb8557000 rw-p 000f3000 08:01 919677                     /lib/x86_64-linux-gnu/libglib-2.0.so.0.3200.3
7fddb8557000-7fddb8558000 rw-p 00000000 00:00 0 
7fddb8558000-7fddb85a5000 r-xp 00000000 08:01 1447514                    /usr/lib/x86_64-linux-gnu/libgobject-2.0.so.0.3200.3
7fddb85a5000-7fddb87a5000 ---p 0004d000 08:01 1447514                    /usr/lib/x86_64-linux-gnu/libgobject-2.0.so.0.3200.3
7fddb87a5000-7fddb87a6000 r--p 0004d000 08:01 1447514                    /usr/lib/x86_64-linux-gnu/libgobject-2.0.so.0.3200.3
7fddb87a6000-7fddb87a7000 rw-p 0004e000 08:01 1447514                    /usr/lib/x86_64-linux-gnu/libgobject-2.0.so.0.3200.3
7fddb87ba000-7fddb87cb000 r-xp 00000000 08:01 1719691                    /usr/lib/eclipse/plugins/org.eclipse.equinox.launcher.gtk.linux.x86_64_1.1.100.dist/eclipse_1408.so
7fddb87cb000-7fddb89ca000 ---p 00011000 08:01 1719691                    /usr/lib/eclipse/plugins/org.eclipse.equinox.launcher.gtk.linux.x86_64_1.1.100.dist/eclipse_1408.so
7fddb89ca000-7fddb89cb000 r--p 00010000 08:01 1719691                    /usr/lib/eclipse/plugins/org.eclipse.equinox.launcher.gtk.linux.x86_64_1.1.100.dist/eclipse_1408.so
7fddb89cb000-7fddb89cc000 rw-p 00011000 08:01 1719691                    /usr/lib/eclipse/plugins/org.eclipse.equinox.launcher.gtk.linux.x86_64_1.1.100.dist/eclipse_1408.so
7fddb89cc000-7fddb89cd000 r--s 0000a000 08:01 1577561                    /usr/lib/eclipse/plugins/org.eclipse.equinox.launcher_1.2.0.dist.jar
7fddb89cd000-7fddb89ce000 ---p 00000000 00:00 0 
7fddb89ce000-7fddb8ace000 rw-p 00000000 00:00 0                          [stack:4358]
7fddb8ace000-7fddb8ad1000 ---p 00000000 00:00 0 
7fddb8ad1000-7fddb8bcf000 rw-p 00000000 00:00 0                          [stack:4357]
7fddb8bcf000-7fddb8bd2000 ---p 00000000 00:00 0 
7fddb8bd2000-7fddb8cd0000 rw-p 00000000 00:00 0                          [stack:4356]
7fddb8cd0000-7fddb8cd3000 ---p 00000000 00:00 0 
7fddb8cd3000-7fddb8dd1000 rw-p 00000000 00:00 0                          [stack:4355]
7fddb8dd1000-7fddb8dd4000 ---p 00000000 00:00 0 
7fddb8dd4000-7fddb8ed2000 rw-p 00000000 00:00 0                          [stack:4354]
7fddb8ed2000-7fddb95b5000 r--p 00000000 08:01 1445950                    /usr/lib/locale/locale-archive
7fddb95b5000-7fddb95b8000 ---p 00000000 00:00 0 
7fddb95b8000-7fddb96b6000 rw-p 00000000 00:00 0                          [stack:4353]
7fddb96b6000-7fddb96b9000 ---p 00000000 00:00 0 
7fddb96b9000-7fddb97b7000 rw-p 00000000 00:00 0                          [stack:4352]
7fddb97b7000-7fddb97b8000 ---p 00000000 00:00 0 
7fddb97b8000-7fddbb443000 rw-p 00000000 00:00 0                          [stack:4351]
7fddbb443000-7fddbb5ff000 r--s 039dc000 08:06 17042787                   /home/gaoang/Software/java-7/jdk1.7.0_17/jre/lib/rt.jar
7fddbb5ff000-7fddbceff000 rw-p 00000000 00:00 0 
7fddbceff000-7fddbcf00000 ---p 00000000 00:00 0 
7fddbcf00000-7fddbd000000 rw-p 00000000 00:00 0                          [stack:4350]
7fddbd000000-7fddbd270000 rwxp 00000000 00:00 0 
7fddbd270000-7fddc033d000 rw-p 00000000 00:00 0 
7fddc033d000-7fddc4000000 ---p 00000000 00:00 0 
7fddc403b000-7fddc403c000 ---p 00000000 00:00 0 
7fddc403c000-7fddc413c000 rw-p 00000000 00:00 0                          [stack:4349]
7fddc413c000-7fddc413d000 ---p 00000000 00:00 0 
7fddc413d000-7fddc423d000 rw-p 00000000 00:00 0                          [stack:4348]
7fddc423d000-7fddc423e000 ---p 00000000 00:00 0 
7fddc423e000-7fddc433e000 rw-p 00000000 00:00 0                          [stack:4347]
7fddc433e000-7fddc433f000 ---p 00000000 00:00 0 
7fddc433f000-7fddc443f000 rw-p 00000000 00:00 0                          [stack:4346]
7fddc443f000-7fddc4440000 ---p 00000000 00:00 0 
7fddc4440000-7fddc4540000 rw-p 00000000 00:00 0                          [stack:4345]
7fddc4540000-7fddc4541000 ---p 00000000 00:00 0 
7fddc4541000-7fddc4641000 rw-p 00000000 00:00 0                          [stack:4344]
7fddc4641000-7fddc4642000 ---p 00000000 00:00 0 
7fddc4642000-7fddc474d000 rw-p 00000000 00:00 0                          [stack:4343]
7fddc474d000-7fddc47c2000 rw-p 00000000 00:00 0 
7fddc47c2000-7fddc47d0000 rw-p 00000000 00:00 0 
7fddc47d0000-7fddc4842000 rw-p 00000000 00:00 0 
7fddc4842000-7fddc484d000 rw-p 00000000 00:00 0 
7fddc484d000-7fddc48c2000 rw-p 00000000 00:00 0 
7fddc48c2000-7fddc48d0000 rw-p 00000000 00:00 0 
7fddc48d0000-7fddc4942000 rw-p 00000000 00:00 0 
7fddc4942000-7fddc4949000 rw-p 00000000 00:00 0 
7fddc4949000-7fddc4982000 rw-p 00000000 00:00 0 
7fddc4982000-7fddc4983000 rw-p 00000000 00:00 0 
7fddc4983000-7fddc499d000 r-xp 00000000 08:06 17171957                   /home/gaoang/Software/java-7/jdk1.7.0_17/jre/lib/amd64/libzip.so
7fddc499d000-7fddc4b9d000 ---p 0001a000 08:06 17171957                   /home/gaoang/Software/java-7/jdk1.7.0_17/jre/lib/amd64/libzip.so
7fddc4b9d000-7fddc4b9e000 rw-p 0001a000 08:06 17171957                   /home/gaoang/Software/java-7/jdk1.7.0_17/jre/lib/amd64/libzip.so
7fddc4b9e000-7fddc4baa000 r-xp 00000000 08:01 919703                     /lib/x86_64-linux-gnu/libnss_files-2.15.so
7fddc4baa000-7fddc4da9000 ---p 0000c000 08:01 919703                     /lib/x86_64-linux-gnu/libnss_files-2.15.so
7fddc4da9000-7fddc4daa000 r--p 0000b000 08:01 919703                     /lib/x86_64-linux-gnu/libnss_files-2.15.so
7fddc4daa000-7fddc4dab000 rw-p 0000c000 08:01 919703                     /lib/x86_64-linux-gnu/libnss_files-2.15.so
7fddc4dab000-7fddc4db5000 r-xp 00000000 08:01 919707                     /lib/x86_64-linux-gnu/libnss_nis-2.15.so
7fddc4db5000-7fddc4fb5000 ---p 0000a000 08:01 919707                     /lib/x86_64-linux-gnu/libnss_nis-2.15.so
7fddc4fb5000-7fddc4fb6000 r--p 0000a000 08:01 919707                     /lib/x86_64-linux-gnu/libnss_nis-2.15.so
7fddc4fb6000-7fddc4fb7000 rw-p 0000b000 08:01 919707                     /lib/x86_64-linux-gnu/libnss_nis-2.15.so
7fddc4fb7000-7fddc4fce000 r-xp 00000000 08:01 919697                     /lib/x86_64-linux-gnu/libnsl-2.15.so
7fddc4fce000-7fddc51cd000 ---p 00017000 08:01 919697                     /lib/x86_64-linux-gnu/libnsl-2.15.so
7fddc51cd000-7fddc51ce000 r--p 00016000 08:01 919697                     /lib/x86_64-linux-gnu/libnsl-2.15.so
7fddc51ce000-7fddc51cf000 rw-p 00017000 08:01 919697                     /lib/x86_64-linux-gnu/libnsl-2.15.so
7fddc51cf000-7fddc51d1000 rw-p 00000000 00:00 0 
7fddc51d1000-7fddc51d9000 r-xp 00000000 08:01 919699                     /lib/x86_64-linux-gnu/libnss_compat-2.15.so
7fddc51d9000-7fddc53d8000 ---p 00008000 08:01 919699                     /lib/x86_64-linux-gnu/libnss_compat-2.15.so
7fddc53d8000-7fddc53d9000 r--p 00007000 08:01 919699                     /lib/x86_64-linux-gnu/libnss_compat-2.15.so
7fddc53d9000-7fddc53da000 rw-p 00008000 08:01 919699                     /lib/x86_64-linux-gnu/libnss_compat-2.15.so
7fddc53da000-7fddc5403000 r-xp 00000000 08:06 17171941                   /home/gaoang/Software/java-7/jdk1.7.0_17/jre/lib/amd64/libjava.so
7fddc5403000-7fddc5603000 ---p 00029000 08:06 17171941                   /home/gaoang/Software/java-7/jdk1.7.0_17/jre/lib/amd64/libjava.so
7fddc5603000-7fddc5605000 rw-p 00029000 08:06 17171941                   /home/gaoang/Software/java-7/jdk1.7.0_17/jre/lib/amd64/libjava.so
7fddc5605000-7fddc5612000 r-xp 00000000 08:06 17171939                   /home/gaoang/Software/java-7/jdk1.7.0_17/jre/lib/amd64/libverify.so
7fddc5612000-7fddc5811000 ---p 0000d000 08:06 17171939                   /home/gaoang/Software/java-7/jdk1.7.0_17/jre/lib/amd64/libverify.so
7fddc5811000-7fddc5813000 rw-p 0000c000 08:06 17171939                   /home/gaoang/Software/java-7/jdk1.7.0_17/jre/lib/amd64/libverify.so
7fddc5813000-7fddc581a000 r-xp 00000000 08:01 919738                     /lib/x86_64-linux-gnu/librt-2.15.so
7fddc581a000-7fddc5a19000 ---p 00007000 08:01 919738                     /lib/x86_64-linux-gnu/librt-2.15.so
7fddc5a19000-7fddc5a1a000 r--p 00006000 08:01 919738                     /lib/x86_64-linux-gnu/librt-2.15.so
7fddc5a1a000-7fddc5a1b000 rw-p 00007000 08:01 919738                     /lib/x86_64-linux-gnu/librt-2.15.so
7fddc5a1b000-7fddc5b16000 r-xp 00000000 08:01 919684                     /lib/x86_64-linux-gnu/libm-2.15.so
7fddc5b16000-7fddc5d15000 ---p 000fb000 08:01 919684                     /lib/x86_64-linux-gnu/libm-2.15.so
7fddc5d15000-7fddc5d16000 r--p 000fa000 08:01 919684                     /lib/x86_64-linux-gnu/libm-2.15.so
7fddc5d16000-7fddc5d17000 rw-p 000fb000 08:01 919684                     /lib/x86_64-linux-gnu/libm-2.15.so
7fddc5d17000-7fddc675e000 r-xp 00000000 08:06 17171947                   /home/gaoang/Software/java-7/jdk1.7.0_17/jre/lib/amd64/server/libjvm.so
7fddc675e000-7fddc695e000 ---p 00a47000 08:06 17171947                   /home/gaoang/Software/java-7/jdk1.7.0_17/jre/lib/amd64/server/libjvm.so
7fddc695e000-7fddc6a01000 rw-p 00a47000 08:06 17171947                   /home/gaoang/Software/java-7/jdk1.7.0_17/jre/lib/amd64/server/libjvm.so
7fddc6a01000-7fddc6a3d000 rw-p 00000000 00:00 0 
7fddc6a3d000-7fddc6bf2000 r-xp 00000000 08:01 919652                     /lib/x86_64-linux-gnu/libc-2.15.so
7fddc6bf2000-7fddc6df1000 ---p 001b5000 08:01 919652                     /lib/x86_64-linux-gnu/libc-2.15.so
7fddc6df1000-7fddc6df5000 r--p 001b4000 08:01 919652                     /lib/x86_64-linux-gnu/libc-2.15.so
7fddc6df5000-7fddc6df7000 rw-p 001b8000 08:01 919652                     /lib/x86_64-linux-gnu/libc-2.15.so
7fddc6df7000-7fddc6dfc000 rw-p 00000000 00:00 0 
7fddc6dfc000-7fddc6dfe000 r-xp 00000000 08:01 919665                     /lib/x86_64-linux-gnu/libdl-2.15.so
7fddc6dfe000-7fddc6ffe000 ---p 00002000 08:01 919665                     /lib/x86_64-linux-gnu/libdl-2.15.so
7fddc6ffe000-7fddc6fff000 r--p 00002000 08:01 919665                     /lib/x86_64-linux-gnu/libdl-2.15.so
7fddc6fff000-7fddc7000000 rw-p 00003000 08:01 919665                     /lib/x86_64-linux-gnu/libdl-2.15.so
7fddc7000000-7fddc7016000 r-xp 00000000 08:06 17171916                   /home/gaoang/Software/java-7/jdk1.7.0_17/jre/lib/amd64/jli/libjli.so
7fddc7016000-7fddc7216000 ---p 00016000 08:06 17171916                   /home/gaoang/Software/java-7/jdk1.7.0_17/jre/lib/amd64/jli/libjli.so
7fddc7216000-7fddc7217000 rw-p 00016000 08:06 17171916                   /home/gaoang/Software/java-7/jdk1.7.0_17/jre/lib/amd64/jli/libjli.so
7fddc7217000-7fddc722f000 r-xp 00000000 08:01 919732                     /lib/x86_64-linux-gnu/libpthread-2.15.so
7fddc722f000-7fddc742e000 ---p 00018000 08:01 919732                     /lib/x86_64-linux-gnu/libpthread-2.15.so
7fddc742e000-7fddc742f000 r--p 00017000 08:01 919732                     /lib/x86_64-linux-gnu/libpthread-2.15.so
7fddc742f000-7fddc7430000 rw-p 00018000 08:01 919732                     /lib/x86_64-linux-gnu/libpthread-2.15.so
7fddc7430000-7fddc7434000 rw-p 00000000 00:00 0 
7fddc7434000-7fddc7456000 r-xp 00000000 08:01 919632                     /lib/x86_64-linux-gnu/ld-2.15.so
7fddc745e000-7fddc747a000 r--s 00000000 08:01 1715402                    /usr/share/mime/mime.cache
7fddc747a000-7fddc747b000 r--s 00000000 08:06 16384100                   /home/gaoang/.local/share/mime/mime.cache
7fddc747c000-7fddc7486000 rw-p 00000000 00:00 0 
7fddc7486000-7fddc753c000 rw-p 00000000 00:00 0 
7fddc753c000-7fddc753f000 ---p 00000000 00:00 0 
7fddc753f000-7fddc7641000 rw-p 00000000 00:00 0                          [stack:4342]
7fddc7641000-7fddc7645000 r--p 00000000 08:06 16253430                   /home/gaoang/.config/dconf/user
7fddc7645000-7fddc7646000 r--s 00000000 08:06 16253732                   /home/gaoang/.cache/dconf/user
7fddc7646000-7fddc764a000 r--s 0008a000 08:06 17042773                   /home/gaoang/Software/java-7/jdk1.7.0_17/jre/lib/jsse.jar
7fddc764a000-7fddc7652000 rw-s 00000000 08:01 132752                     /tmp/hsperfdata_gaoang/4341
7fddc7652000-7fddc7653000 rw-p 00000000 00:00 0 
7fddc7653000-7fddc7654000 r--p 00000000 00:00 0 
7fddc7654000-7fddc7656000 rw-p 00000000 00:00 0 
7fddc7656000-7fddc7657000 r--p 00022000 08:01 919632                     /lib/x86_64-linux-gnu/ld-2.15.so
7fddc7657000-7fddc7659000 rw-p 00023000 08:01 919632                     /lib/x86_64-linux-gnu/ld-2.15.so
7fff56f42000-7fff56f63000 rw-p 00000000 00:00 0                          [stack]
7fff56fff000-7fff57000000 r-xp 00000000 00:00 0                          [vdso]
ffffffffff600000-ffffffffff601000 r-xp 00000000 00:00 0                  [vsyscall]

VM Arguments:
jvm_args: -Xms40m -Xmx384m -Dorg.eclipse.equinox.p2.reconciler.dropins.directory=/usr/share/eclipse/dropins -XX:MaxPermSize=256m 
java_command: /usr/lib/eclipse//plugins/org.eclipse.equinox.launcher_1.2.0.dist.jar -os linux -ws gtk -arch x86_64 -showsplash -launcher /usr/lib/eclipse/eclipse -name Eclipse --launcher.library /usr/lib/eclipse//plugins/org.eclipse.equinox.launcher.gtk.linux.x86_64_1.1.100.dist/eclipse_1408.so -startup /usr/lib/eclipse//plugins/org.eclipse.equinox.launcher_1.2.0.dist.jar --launcher.overrideVmargs -exitdata 9b8006 -vm /home/gaoang/Software/java-7/jdk1.7.0_17/bin/java -vmargs -Xms40m -Xmx384m -Dorg.eclipse.equinox.p2.reconciler.dropins.directory=/usr/share/eclipse/dropins -XX:MaxPermSize=256m -jar /usr/lib/eclipse//plugins/org.eclipse.equinox.launcher_1.2.0.dist.jar
Launcher Type: SUN_STANDARD

Environment Variables:
JAVA_HOME=/home/gaoang/Software/java-7
JRE_HOME=/home/gaoang/Software/java-7/jre
CLASSPATH=.:/home/gaoang/Software/java-7/lib:/home/gaoang/Software/java-7/jre/lib
PATH=/home/gaoang/Software/java-7/jre/bin:/home/gaoang/Software/java-7/jdk1.7.0_17/bin:/usr/local/sbin:/usr/local/bin:/usr/sbin:/usr/bin:/sbin:/bin:/usr/games
SHELL=/bin/bash

Signal Handlers:
SIGSEGV: [libjvm.so+0x8a5d70], sa_mask[0]=0x7ffbfeff, sa_flags=0x10000004
SIGBUS: [libjvm.so+0x8a5d70], sa_mask[0]=0x7ffbfeff, sa_flags=0x10000004
SIGFPE: [libjvm.so+0x741e50], sa_mask[0]=0x7ffbfeff, sa_flags=0x10000004
SIGPIPE: SIG_IGN, sa_mask[0]=0x00001000, sa_flags=0x10000000
SIGXFSZ: [libjvm.so+0x741e50], sa_mask[0]=0x7ffbfeff, sa_flags=0x10000004
SIGILL: [libjvm.so+0x741e50], sa_mask[0]=0x7ffbfeff, sa_flags=0x10000004
SIGUSR1: SIG_DFL, sa_mask[0]=0x00000000, sa_flags=0x00000000
SIGUSR2: [libjvm.so+0x7417a0], sa_mask[0]=0x00000000, sa_flags=0x10000004
SIGHUP: [libjvm.so+0x743b30], sa_mask[0]=0x7ffbfeff, sa_flags=0x10000004
SIGINT: [libjvm.so+0x743b30], sa_mask[0]=0x7ffbfeff, sa_flags=0x10000004
SIGTERM: [libjvm.so+0x743b30], sa_mask[0]=0x7ffbfeff, sa_flags=0x10000004
SIGQUIT: [libjvm.so+0x743b30], sa_mask[0]=0x7ffbfeff, sa_flags=0x10000004


---------------  S Y S T E M  ---------------

OS:wheezy/sid

uname:Linux 3.5.0-25-generic #39~precise1-Ubuntu SMP Tue Feb 26 00:07:14 UTC 2013 x86_64
libc:glibc 2.15 NPTL 2.15 
rlimit: STACK 8192k, CORE 0k, NPROC 30964, NOFILE 4096, AS infinity
load average:10.18 57.43 88.94

/proc/meminfo:
MemTotal:        3982004 kB
MemFree:         1935936 kB
Buffers:           76288 kB
Cached:           716952 kB
SwapCached:            0 kB
Active:          1270708 kB
Inactive:         582880 kB
Active(anon):    1061680 kB
Inactive(anon):     6956 kB
Active(file):     209028 kB
Inactive(file):   575924 kB
Unevictable:          16 kB
Mlocked:              16 kB
SwapTotal:       3998716 kB
SwapFree:        3998716 kB
Dirty:               152 kB
Writeback:             0 kB
AnonPages:       1060520 kB
Mapped:           199932 kB
Shmem:              8280 kB
Slab:              87736 kB
SReclaimable:      54136 kB
SUnreclaim:        33600 kB
KernelStack:        4072 kB
PageTables:        33408 kB
NFS_Unstable:          0 kB
Bounce:                0 kB
WritebackTmp:          0 kB
CommitLimit:     5989716 kB
Committed_AS:    3617632 kB
VmallocTotal:   34359738367 kB
VmallocUsed:      332776 kB
VmallocChunk:   34359403068 kB
HardwareCorrupted:     0 kB
AnonHugePages:         0 kB
HugePages_Total:       0
HugePages_Free:        0
HugePages_Rsvd:        0
HugePages_Surp:        0
Hugepagesize:       2048 kB
DirectMap4k:       59392 kB
DirectMap2M:     4069376 kB


CPU:total 8 (4 cores per cpu, 2 threads per core) family 6 model 30 stepping 5, cmov, cx8, fxsr, mmx, sse, sse2, sse3, ssse3, sse4.1, sse4.2, popcnt, ht, tsc, tscinvbit

/proc/cpuinfo:
processor	: 0
vendor_id	: GenuineIntel
cpu family	: 6
model		: 30
model name	: Intel(R) Core(TM) i7 CPU         870  @ 2.93GHz
stepping	: 5
microcode	: 0x3
cpu MHz		: 2927.000
cache size	: 8192 KB
physical id	: 0
siblings	: 8
core id		: 0
cpu cores	: 4
apicid		: 0
initial apicid	: 0
fpu		: yes
fpu_exception	: yes
cpuid level	: 11
wp		: yes
flags		: fpu vme de pse tsc msr pae mce cx8 apic sep mtrr pge mca cmov pat pse36 clflush dts acpi mmx fxsr sse sse2 ss ht tm pbe syscall nx rdtscp lm constant_tsc arch_perfmon pebs bts rep_good nopl xtopology nonstop_tsc aperfmperf pni dtes64 monitor ds_cpl vmx smx est tm2 ssse3 cx16 xtpr pdcm sse4_1 sse4_2 popcnt lahf_lm ida dtherm tpr_shadow vnmi flexpriority ept vpid
bogomips	: 5851.97
clflush size	: 64
cache_alignment	: 64
address sizes	: 36 bits physical, 48 bits virtual
power management:

processor	: 1
vendor_id	: GenuineIntel
cpu family	: 6
model		: 30
model name	: Intel(R) Core(TM) i7 CPU         870  @ 2.93GHz
stepping	: 5
microcode	: 0x3
cpu MHz		: 2927.000
cache size	: 8192 KB
physical id	: 0
siblings	: 8
core id		: 1
cpu cores	: 4
apicid		: 2
initial apicid	: 2
fpu		: yes
fpu_exception	: yes
cpuid level	: 11
wp		: yes
flags		: fpu vme de pse tsc msr pae mce cx8 apic sep mtrr pge mca cmov pat pse36 clflush dts acpi mmx fxsr sse sse2 ss ht tm pbe syscall nx rdtscp lm constant_tsc arch_perfmon pebs bts rep_good nopl xtopology nonstop_tsc aperfmperf pni dtes64 monitor ds_cpl vmx smx est tm2 ssse3 cx16 xtpr pdcm sse4_1 sse4_2 popcnt lahf_lm ida dtherm tpr_shadow vnmi flexpriority ept vpid
bogomips	: 5851.97
clflush size	: 64
cache_alignment	: 64
address sizes	: 36 bits physical, 48 bits virtual
power management:

processor	: 2
vendor_id	: GenuineIntel
cpu family	: 6
model		: 30
model name	: Intel(R) Core(TM) i7 CPU         870  @ 2.93GHz
stepping	: 5
microcode	: 0x3
cpu MHz		: 2927.000
cache size	: 8192 KB
physical id	: 0
siblings	: 8
core id		: 2
cpu cores	: 4
apicid		: 4
initial apicid	: 4
fpu		: yes
fpu_exception	: yes
cpuid level	: 11
wp		: yes
flags		: fpu vme de pse tsc msr pae mce cx8 apic sep mtrr pge mca cmov pat pse36 clflush dts acpi mmx fxsr sse sse2 ss ht tm pbe syscall nx rdtscp lm constant_tsc arch_perfmon pebs bts rep_good nopl xtopology nonstop_tsc aperfmperf pni dtes64 monitor ds_cpl vmx smx est tm2 ssse3 cx16 xtpr pdcm sse4_1 sse4_2 popcnt lahf_lm ida dtherm tpr_shadow vnmi flexpriority ept vpid
bogomips	: 5851.97
clflush size	: 64
cache_alignment	: 64
address sizes	: 36 bits physical, 48 bits virtual
power management:

processor	: 3
vendor_id	: GenuineIntel
cpu family	: 6
model		: 30
model name	: Intel(R) Core(TM) i7 CPU         870  @ 2.93GHz
stepping	: 5
microcode	: 0x3
cpu MHz		: 2927.000
cache size	: 8192 KB
physical id	: 0
siblings	: 8
core id		: 3
cpu cores	: 4
apicid		: 6
initial apicid	: 6
fpu		: yes
fpu_exception	: yes
cpuid level	: 11
wp		: yes
flags		: fpu vme de pse tsc msr pae mce cx8 apic sep mtrr pge mca cmov pat pse36 clflush dts acpi mmx fxsr sse sse2 ss ht tm pbe syscall nx rdtscp lm constant_tsc arch_perfmon pebs bts rep_good nopl xtopology nonstop_tsc aperfmperf pni dtes64 monitor ds_cpl vmx smx est tm2 ssse3 cx16 xtpr pdcm sse4_1 sse4_2 popcnt lahf_lm ida dtherm tpr_shadow vnmi flexpriority ept vpid
bogomips	: 5851.97
clflush size	: 64
cache_alignment	: 64
address sizes	: 36 bits physical, 48 bits virtual
power management:

processor	: 4
vendor_id	: GenuineIntel
cpu family	: 6
model		: 30
model name	: Intel(R) Core(TM) i7 CPU         870  @ 2.93GHz
stepping	: 5
microcode	: 0x3
cpu MHz		: 2927.000
cache size	: 8192 KB
physical id	: 0
siblings	: 8
core id		: 0
cpu cores	: 4
apicid		: 1
initial apicid	: 1
fpu		: yes
fpu_exception	: yes
cpuid level	: 11
wp		: yes
flags		: fpu vme de pse tsc msr pae mce cx8 apic sep mtrr pge mca cmov pat pse36 clflush dts acpi mmx fxsr sse sse2 ss ht tm pbe syscall nx rdtscp lm constant_tsc arch_perfmon pebs bts rep_good nopl xtopology nonstop_tsc aperfmperf pni dtes64 monitor ds_cpl vmx smx est tm2 ssse3 cx16 xtpr pdcm sse4_1 sse4_2 popcnt lahf_lm ida dtherm tpr_shadow vnmi flexpriority ept vpid
bogomips	: 5851.97
clflush size	: 64
cache_alignment	: 64
address sizes	: 36 bits physical, 48 bits virtual
power management:

processor	: 5
vendor_id	: GenuineIntel
cpu family	: 6
model		: 30
model name	: Intel(R) Core(TM) i7 CPU         870  @ 2.93GHz
stepping	: 5
microcode	: 0x3
cpu MHz		: 2927.000
cache size	: 8192 KB
physical id	: 0
siblings	: 8
core id		: 1
cpu cores	: 4
apicid		: 3
initial apicid	: 3
fpu		: yes
fpu_exception	: yes
cpuid level	: 11
wp		: yes
flags		: fpu vme de pse tsc msr pae mce cx8 apic sep mtrr pge mca cmov pat pse36 clflush dts acpi mmx fxsr sse sse2 ss ht tm pbe syscall nx rdtscp lm constant_tsc arch_perfmon pebs bts rep_good nopl xtopology nonstop_tsc aperfmperf pni dtes64 monitor ds_cpl vmx smx est tm2 ssse3 cx16 xtpr pdcm sse4_1 sse4_2 popcnt lahf_lm ida dtherm tpr_shadow vnmi flexpriority ept vpid
bogomips	: 5851.97
clflush size	: 64
cache_alignment	: 64
address sizes	: 36 bits physical, 48 bits virtual
power management:

processor	: 6
vendor_id	: GenuineIntel
cpu family	: 6
model		: 30
model name	: Intel(R) Core(TM) i7 CPU         870  @ 2.93GHz
stepping	: 5
microcode	: 0x3
cpu MHz		: 2927.000
cache size	: 8192 KB
physical id	: 0
siblings	: 8
core id		: 2
cpu cores	: 4
apicid		: 5
initial apicid	: 5
fpu		: yes
fpu_exception	: yes
cpuid level	: 11
wp		: yes
flags		: fpu vme de pse tsc msr pae mce cx8 apic sep mtrr pge mca cmov pat pse36 clflush dts acpi mmx fxsr sse sse2 ss ht tm pbe syscall nx rdtscp lm constant_tsc arch_perfmon pebs bts rep_good nopl xtopology nonstop_tsc aperfmperf pni dtes64 monitor ds_cpl vmx smx est tm2 ssse3 cx16 xtpr pdcm sse4_1 sse4_2 popcnt lahf_lm ida dtherm tpr_shadow vnmi flexpriority ept vpid
bogomips	: 5851.97
clflush size	: 64
cache_alignment	: 64
address sizes	: 36 bits physical, 48 bits virtual
power management:

processor	: 7
vendor_id	: GenuineIntel
cpu family	: 6
model		: 30
model name	: Intel(R) Core(TM) i7 CPU         870  @ 2.93GHz
stepping	: 5
microcode	: 0x3
cpu MHz		: 2927.000
cache size	: 8192 KB
physical id	: 0
siblings	: 8
core id		: 3
cpu cores	: 4
apicid		: 7
initial apicid	: 7
fpu		: yes
fpu_exception	: yes
cpuid level	: 11
wp		: yes
flags		: fpu vme de pse tsc msr pae mce cx8 apic sep mtrr pge mca cmov pat pse36 clflush dts acpi mmx fxsr sse sse2 ss ht tm pbe syscall nx rdtscp lm constant_tsc arch_perfmon pebs bts rep_good nopl xtopology nonstop_tsc aperfmperf pni dtes64 monitor ds_cpl vmx smx est tm2 ssse3 cx16 xtpr pdcm sse4_1 sse4_2 popcnt lahf_lm ida dtherm tpr_shadow vnmi flexpriority ept vpid
bogomips	: 5851.97
clflush size	: 64
cache_alignment	: 64
address sizes	: 36 bits physical, 48 bits virtual
power management:



Memory: 4k page, physical 3982004k(1935936k free), swap 3998716k(3998716k free)

vm_info: Java HotSpot(TM) 64-Bit Server VM (23.7-b01) for linux-amd64 JRE (1.7.0_17-b02), built on Mar  1 2013 02:59:06 by "java_re" with gcc 4.3.0 20080428 (Red Hat 4.3.0-8)

time: Sun Mar 17 16:31:38 2013
elapsed time: 0 seconds

