#
# A fatal error has been detected by the Java Runtime Environment:
#
#  SIGSEGV (0xb) at pc=0x00007f3b7250418e, pid=12986, tid=139892912764672
#
# JRE version: 7.0_17-b02
# Java VM: Java HotSpot(TM) 64-Bit Server VM (23.7-b01 mixed mode linux-amd64 compressed oops)
# Problematic frame:
# V  [libjvm.so+0x5d218e]  JNIHandles::checked_resolve_jmethod_id(_jmethodID*)+0xe
#
# Failed to write core dump. Core dumps have been disabled. To enable core dumping, try "ulimit -c unlimited" before starting Java again
#
# If you would like to submit a bug report, please visit:
#   http://bugreport.sun.com/bugreport/crash.jsp
#

---------------  T H R E A D  ---------------

Current thread (0x00007f3b6c0ff800):  JavaThread "JDWP Transport Listener: dt_socket" daemon [_thread_in_vm, id=13006, stack(0x00007f3b5b4f3000,0x00007f3b5b5f4000)]

siginfo:si_signo=SIGSEGV: si_errno=0, si_code=1 (SEGV_MAPERR), si_addr=0x0000000000000030

Registers:
RAX=0x0000000000000001, RBX=0x00007f3b6c004ef0, RCX=0x00007f3b7364a2c0, RDX=0x00007f3b72c2c0e0
RSP=0x00007f3b5b5f2700, RBP=0x00007f3b5b5f2710, RSI=0x00007f3b6c0ff800, RDI=0x0000000000000030
R8 =0x0000000000000056, R9 =0x0000000000000059, R10=0x0000000000000050, R11=0x00007f3b72ddc110
R12=0x0000000000000017, R13=0x0000000000000030, R14=0x00007f3b6c0ff800, R15=0x00007f3b5b5f2817
RIP=0x00007f3b7250418e, EFLAGS=0x0000000000010206, CSGSFS=0x0000000000000033, ERR=0x0000000000000004
  TRAPNO=0x000000000000000e

Top of Stack: (sp=0x00007f3b5b5f2700)
0x00007f3b5b5f2700:   0000000000000074 00007f3b6c004ef0
0x00007f3b5b5f2710:   00007f3b5b5f2780 00007f3b724f5fbe
0x00007f3b5b5f2720:   00007f3b140060e0 00007f3b5b5f2730
0x00007f3b5b5f2730:   00007f3b6c0ff800 0000000000000000
0x00007f3b5b5f2740:   00007f3b00000000 0000000000000000
0x00007f3b5b5f2750:   00007f3b5b5f2770 00007f3b715f4e40
0x00007f3b5b5f2760:   0000000000000030 00007f3b5b5f2817
0x00007f3b5b5f2770:   0000000000000004 00007f3b5b5f2817
0x00007f3b5b5f2780:   00007f3b5b5f27b0 00007f3b713e02f2
0x00007f3b5b5f2790:   00007f3b5b5f27b0 0000000000000030
0x00007f3b5b5f27a0:   00007f3b5b5f2880 0000000000000020
0x00007f3b5b5f27b0:   00007f3b5b5f2840 00007f3b713c1980
0x00007f3b5b5f27c0:   00007f3b5b5f27f8 00007f3b5b5f27f0
0x00007f3b5b5f27d0:   00007f3b5b5f27e8 00007f3b5b5f280c
0x00007f3b5b5f27e0:   00000001140030e0 0000000000000000
0x00007f3b5b5f27f0:   0000000000000000 0000000000000000
0x00007f3b5b5f2800:   00007f3b14003fb0 000000095b5f2880
0x00007f3b5b5f2810:   0000000000000005 0000000000000002
0x00007f3b5b5f2820:   000000000000000f 0000000000000002
0x00007f3b5b5f2830:   00000000000f0200 000000000000000f
0x00007f3b5b5f2840:   00007f3b5b5f2a90 00007f3b713cc806
0x00007f3b5b5f2850:   000005c400000013 00007f3b720f0200
0x00007f3b5b5f2860:   00007f3b0c000fb0 00007f3b6c100550
0x00007f3b5b5f2870:   00007f3b5b5f2880 00007f3b5b5f2a10
0x00007f3b5b5f2880:   00007f3b14005f62 00007f3b00000176
0x00007f3b5b5f2890:   00007f3b14004a30 00007f3b0000012c
0x00007f3b5b5f28a0:   00007f3b5b5f28d0 00007f3b14004a30
0x00007f3b5b5f28b0:   00007f0000000000 000005c400000030
0x00007f3b5b5f28c0:   00007f3b00002880 00007f3b5b5f28d0
0x00007f3b5b5f28d0:   3b7f000005000000 06000000c8100024
0x00007f3b5b5f28e0:   00007461436e6f63 6176616a4c283f00
0x00007f3b5b5f28f0:   72412f6c6974752f 3b7473694c796172 

Instructions: (pc=0x00007f3b7250418e)
0x00007f3b7250416e:   00 00 4c 89 f7 e8 c8 6d 1f 00 e9 4f ff ff ff 90
0x00007f3b7250417e:   90 90 55 48 89 e5 53 48 83 ec 08 48 85 ff 74 3c
0x00007f3b7250418e:   48 8b 1f 48 85 db 74 34 48 b8 fe fe fe fe fe fe
0x00007f3b7250419e:   fe fe 48 39 c3 74 25 48 8b 05 24 13 6f 00 80 38 

Register to memory mapping:

RAX=0x0000000000000001 is an unknown value
RBX=0x00007f3b6c004ef0 is an unknown value
RCX=0x00007f3b7364a2c0: <offset 0x2182c0> in /lib/x86_64-linux-gnu/libpthread.so.0 at 0x00007f3b73432000
RDX=0x00007f3b72c2c0e0: <offset 0xcfa0e0> in /home/gaoang/Software/java-7/jdk1.7.0_17/jre/lib/amd64/server/libjvm.so at 0x00007f3b71f32000
RSP=0x00007f3b5b5f2700 is pointing into the stack for thread: 0x00007f3b6c0ff800
RBP=0x00007f3b5b5f2710 is pointing into the stack for thread: 0x00007f3b6c0ff800
RSI=0x00007f3b6c0ff800 is a thread
RDI=0x0000000000000030 is an unknown value
R8 =0x0000000000000056 is an unknown value
R9 =0x0000000000000059 is an unknown value
R10=0x0000000000000050 is an unknown value
R11=0x00007f3b72ddc110: <offset 0x184110> in /lib/x86_64-linux-gnu/libc.so.6 at 0x00007f3b72c58000
R12=0x0000000000000017 is an unknown value
R13=0x0000000000000030 is an unknown value
R14=0x00007f3b6c0ff800 is a thread
R15=0x00007f3b5b5f2817 is pointing into the stack for thread: 0x00007f3b6c0ff800


Stack: [0x00007f3b5b4f3000,0x00007f3b5b5f4000],  sp=0x00007f3b5b5f2700,  free space=1021k
Native frames: (J=compiled Java code, j=interpreted, Vv=VM code, C=native code)
V  [libjvm.so+0x5d218e]  JNIHandles::checked_resolve_jmethod_id(_jmethodID*)+0xe
V  [libjvm.so+0x5c3fbe]  jvmti_IsMethodSynthetic+0x22e
C  [libjdwp.so+0x252f2]  isMethodSynthetic+0x42
C  [libjdwp.so+0x6980]  methods1+0x1b0
C  [libjdwp.so+0x11806]  debugLoop_run+0x2b6
C  [libjdwp.so+0x2422f]  attachThread+0x2f
V  [libjvm.so+0x626b57]  JvmtiAgentThread::call_start_function()+0x97
V  [libjvm.so+0x8651b8]  JavaThread::thread_main_inner()+0xc8
V  [libjvm.so+0x865308]  JavaThread::run()+0x138
V  [libjvm.so+0x746cf0]  java_start(Thread*)+0x100


---------------  P R O C E S S  ---------------

Java Threads: ( => current thread )
  0x00007f3b6c10a800 JavaThread "Service Thread" daemon [_thread_blocked, id=13014, stack(0x00007f3b5afee000,0x00007f3b5b0ef000)]
  0x00007f3b6c108000 JavaThread "C2 CompilerThread1" daemon [_thread_blocked, id=13013, stack(0x00007f3b5b0ef000,0x00007f3b5b1f0000)]
  0x00007f3b6c105000 JavaThread "C2 CompilerThread0" daemon [_thread_blocked, id=13012, stack(0x00007f3b5b1f0000,0x00007f3b5b2f1000)]
  0x00007f3b14001000 JavaThread "JDWP Command Reader" daemon [_thread_in_native, id=13010, stack(0x00007f3b5b2f1000,0x00007f3b5b3f2000)]
  0x00007f3b6c103000 JavaThread "JDWP Event Helper Thread" daemon [_thread_blocked, id=13009, stack(0x00007f3b5b3f2000,0x00007f3b5b4f3000)]
=>0x00007f3b6c0ff800 JavaThread "JDWP Transport Listener: dt_socket" daemon [_thread_in_vm, id=13006, stack(0x00007f3b5b4f3000,0x00007f3b5b5f4000)]
  0x00007f3b6c0f2800 JavaThread "Signal Dispatcher" daemon [_thread_blocked, id=13004, stack(0x00007f3b5b7f8000,0x00007f3b5b8f9000)]
  0x00007f3b6c0a7000 JavaThread "Finalizer" daemon [_thread_blocked, id=13003, stack(0x00007f3b5b8f9000,0x00007f3b5b9fa000)]
  0x00007f3b6c0a4800 JavaThread "Reference Handler" daemon [_thread_blocked, id=13002, stack(0x00007f3b5b9fa000,0x00007f3b5bafb000)]
  0x00007f3b6c00b800 JavaThread "main" [_thread_blocked, id=12992, stack(0x00007f3b73757000,0x00007f3b73858000)]

Other Threads:
  0x00007f3b6c09d000 VMThread [stack: 0x00007f3b5bafb000,0x00007f3b5bbfc000] [id=13001]
  0x00007f3b6c115000 WatcherThread [stack: 0x00007f3b5aeed000,0x00007f3b5afee000] [id=13015]

VM state:not at safepoint (normal execution)

VM Mutex/Monitor currently owned by a thread: None

Heap
 PSYoungGen      total 18176K, used 937K [0x00000000ebb60000, 0x00000000ecfa0000, 0x0000000100000000)
  eden space 15616K, 6% used [0x00000000ebb60000,0x00000000ebc4a4b8,0x00000000ecaa0000)
  from space 2560K, 0% used [0x00000000ecd20000,0x00000000ecd20000,0x00000000ecfa0000)
  to   space 2560K, 0% used [0x00000000ecaa0000,0x00000000ecaa0000,0x00000000ecd20000)
 ParOldGen       total 41536K, used 0K [0x00000000c3200000, 0x00000000c5a90000, 0x00000000ebb60000)
  object space 41536K, 0% used [0x00000000c3200000,0x00000000c3200000,0x00000000c5a90000)
 PSPermGen       total 21248K, used 2634K [0x00000000be000000, 0x00000000bf4c0000, 0x00000000c3200000)
  object space 21248K, 12% used [0x00000000be000000,0x00000000be292ad0,0x00000000bf4c0000)

Card table byte_map: [0x00007f3b68def000,0x00007f3b69000000] byte_map_base: 0x00007f3b687ff000

Polling page: 0x00007f3b7386e000

Code Cache  [0x00007f3b69000000, 0x00007f3b69270000, 0x00007f3b6c000000)
 total_blobs=170 nmethods=1 adapters=130 free_code_cache=48766Kb largest_free_block=49915520

Compilation events (2 events):
Event: 0.143 Thread 0x00007f3b6c105000    1             sortAlgo.SortWithPatialOrder::sortAndPrint (78 bytes)
Event: 0.166 Thread 0x00007f3b6c105000 nmethod 1 0x00007f3b69063390 code [0x00007f3b69063600, 0x00007f3b69064700]

GC Heap History (0 events):
No events

Deoptimization events (0 events):
No events

Internal exceptions (3 events):
Event: 0.019 Thread 0x00007f3b6c00b800 Threw 0x00000000ebb661a8 at /HUDSON/workspace/jdk7u17-2-build-linux-amd64-product/jdk7u17/hotspot/src/share/vm/prims/jni.cpp:3994
Event: 0.131 Thread 0x00007f3b6c00b800 Threw 0x00000000ebbaa648 at /HUDSON/workspace/jdk7u17-2-build-linux-amd64-product/jdk7u17/hotspot/src/share/vm/prims/jvm.cpp:1166
Event: 0.149 Thread 0x00007f3b6c00b800 Threw 0x00000000ebc008f8 at /HUDSON/workspace/jdk7u17-2-build-linux-amd64-product/jdk7u17/hotspot/src/share/vm/interpreter/interpre

Events (10 events):
Event: 1521.169 Executing VM operation: RedefineClasses
Event: 1521.169 Executing VM operation: RedefineClasses done
Event: 1532.060 Executing VM operation: RedefineClasses
Event: 1532.060 Executing VM operation: RedefineClasses done
Event: 1595.551 Executing VM operation: RedefineClasses
Event: 1595.552 Executing VM operation: RedefineClasses done
Event: 1694.095 Executing VM operation: RedefineClasses
Event: 1694.095 Executing VM operation: RedefineClasses done
Event: 2003.150 Executing VM operation: RedefineClasses
Event: 2003.150 Executing VM operation: RedefineClasses done


Dynamic libraries:
00400000-00401000 r-xp 00000000 08:06 17041989                           /home/gaoang/Software/java-7/jdk1.7.0_17/bin/java
00600000-00601000 rw-p 00000000 08:06 17041989                           /home/gaoang/Software/java-7/jdk1.7.0_17/bin/java
01d4c000-01d6d000 rw-p 00000000 00:00 0                                  [heap]
be000000-bf4c0000 rw-p 00000000 00:00 0 
bf4c0000-c3200000 rw-p 00000000 00:00 0 
c3200000-c5a90000 rw-p 00000000 00:00 0 
c5a90000-ebb60000 rw-p 00000000 00:00 0 
ebb60000-ecfa0000 rw-p 00000000 00:00 0 
ecfa0000-100000000 rw-p 00000000 00:00 0 
7f3afc000000-7f3afc021000 rw-p 00000000 00:00 0 
7f3afc021000-7f3b00000000 ---p 00000000 00:00 0 
7f3b04000000-7f3b04021000 rw-p 00000000 00:00 0 
7f3b04021000-7f3b08000000 ---p 00000000 00:00 0 
7f3b08000000-7f3b08021000 rw-p 00000000 00:00 0 
7f3b08021000-7f3b0c000000 ---p 00000000 00:00 0 
7f3b0c000000-7f3b0c021000 rw-p 00000000 00:00 0 
7f3b0c021000-7f3b10000000 ---p 00000000 00:00 0 
7f3b10000000-7f3b102ac000 rw-p 00000000 00:00 0 
7f3b102ac000-7f3b14000000 ---p 00000000 00:00 0 
7f3b14000000-7f3b1447d000 rw-p 00000000 00:00 0 
7f3b1447d000-7f3b18000000 ---p 00000000 00:00 0 
7f3b18000000-7f3b18021000 rw-p 00000000 00:00 0 
7f3b18021000-7f3b1c000000 ---p 00000000 00:00 0 
7f3b1c000000-7f3b1c021000 rw-p 00000000 00:00 0 
7f3b1c021000-7f3b20000000 ---p 00000000 00:00 0 
7f3b20000000-7f3b20021000 rw-p 00000000 00:00 0 
7f3b20021000-7f3b24000000 ---p 00000000 00:00 0 
7f3b24000000-7f3b244a9000 rw-p 00000000 00:00 0 
7f3b244a9000-7f3b28000000 ---p 00000000 00:00 0 
7f3b28000000-7f3b28021000 rw-p 00000000 00:00 0 
7f3b28021000-7f3b2c000000 ---p 00000000 00:00 0 
7f3b2c000000-7f3b2c021000 rw-p 00000000 00:00 0 
7f3b2c021000-7f3b30000000 ---p 00000000 00:00 0 
7f3b34000000-7f3b34021000 rw-p 00000000 00:00 0 
7f3b34021000-7f3b38000000 ---p 00000000 00:00 0 
7f3b3c000000-7f3b3c021000 rw-p 00000000 00:00 0 
7f3b3c021000-7f3b40000000 ---p 00000000 00:00 0 
7f3b44000000-7f3b44021000 rw-p 00000000 00:00 0 
7f3b44021000-7f3b48000000 ---p 00000000 00:00 0 
7f3b4c000000-7f3b4c021000 rw-p 00000000 00:00 0 
7f3b4c021000-7f3b50000000 ---p 00000000 00:00 0 
7f3b54000000-7f3b54021000 rw-p 00000000 00:00 0 
7f3b54021000-7f3b58000000 ---p 00000000 00:00 0 
7f3b5acf6000-7f3b5aeed000 rw-p 00000000 00:00 0 
7f3b5aeed000-7f3b5aeee000 ---p 00000000 00:00 0 
7f3b5aeee000-7f3b5afee000 rw-p 00000000 00:00 0                          [stack:13015]
7f3b5afee000-7f3b5aff1000 ---p 00000000 00:00 0 
7f3b5aff1000-7f3b5b0ef000 rw-p 00000000 00:00 0                          [stack:13014]
7f3b5b0ef000-7f3b5b0f2000 ---p 00000000 00:00 0 
7f3b5b0f2000-7f3b5b1f0000 rw-p 00000000 00:00 0                          [stack:13013]
7f3b5b1f0000-7f3b5b1f3000 ---p 00000000 00:00 0 
7f3b5b1f3000-7f3b5b2f1000 rw-p 00000000 00:00 0                          [stack:13012]
7f3b5b2f1000-7f3b5b2f4000 ---p 00000000 00:00 0 
7f3b5b2f4000-7f3b5b3f2000 rw-p 00000000 00:00 0                          [stack:13010]
7f3b5b3f2000-7f3b5b3f5000 ---p 00000000 00:00 0 
7f3b5b3f5000-7f3b5b4f3000 rw-p 00000000 00:00 0                          [stack:13009]
7f3b5b4f3000-7f3b5b4f6000 ---p 00000000 00:00 0 
7f3b5b4f6000-7f3b5b5f4000 rw-p 00000000 00:00 0                          [stack:13006]
7f3b5b5f4000-7f3b5b5f8000 r-xp 00000000 08:06 17171927                   /home/gaoang/Software/java-7/jdk1.7.0_17/jre/lib/amd64/libdt_socket.so
7f3b5b5f8000-7f3b5b7f7000 ---p 00004000 08:06 17171927                   /home/gaoang/Software/java-7/jdk1.7.0_17/jre/lib/amd64/libdt_socket.so
7f3b5b7f7000-7f3b5b7f8000 rw-p 00003000 08:06 17171927                   /home/gaoang/Software/java-7/jdk1.7.0_17/jre/lib/amd64/libdt_socket.so
7f3b5b7f8000-7f3b5b7fb000 ---p 00000000 00:00 0 
7f3b5b7fb000-7f3b5b8f9000 rw-p 00000000 00:00 0                          [stack:13004]
7f3b5b8f9000-7f3b5b8fc000 ---p 00000000 00:00 0 
7f3b5b8fc000-7f3b5b9fa000 rw-p 00000000 00:00 0                          [stack:13003]
7f3b5b9fa000-7f3b5b9fd000 ---p 00000000 00:00 0 
7f3b5b9fd000-7f3b5bafb000 rw-p 00000000 00:00 0                          [stack:13002]
7f3b5bafb000-7f3b5bafc000 ---p 00000000 00:00 0 
7f3b5bafc000-7f3b5c000000 rw-p 00000000 00:00 0                          [stack:13001]
7f3b5c000000-7f3b5c021000 rw-p 00000000 00:00 0 
7f3b5c021000-7f3b60000000 ---p 00000000 00:00 0 
7f3b60082000-7f3b64000000 rw-p 00000000 00:00 0 
7f3b64000000-7f3b64021000 rw-p 00000000 00:00 0 
7f3b64021000-7f3b68000000 ---p 00000000 00:00 0 
7f3b68074000-7f3b682e6000 rw-p 00000000 00:00 0 
7f3b682e6000-7f3b684a2000 r--s 039dc000 08:06 17042787                   /home/gaoang/Software/java-7/jdk1.7.0_17/jre/lib/rt.jar
7f3b684a2000-7f3b684a3000 ---p 00000000 00:00 0 
7f3b684a3000-7f3b685a3000 rw-p 00000000 00:00 0                          [stack:13000]
7f3b685a3000-7f3b685a4000 ---p 00000000 00:00 0 
7f3b685a4000-7f3b686a4000 rw-p 00000000 00:00 0                          [stack:12999]
7f3b686a4000-7f3b686a5000 ---p 00000000 00:00 0 
7f3b686a5000-7f3b687a5000 rw-p 00000000 00:00 0                          [stack:12998]
7f3b687a5000-7f3b687a6000 ---p 00000000 00:00 0 
7f3b687a6000-7f3b688a6000 rw-p 00000000 00:00 0                          [stack:12997]
7f3b688a6000-7f3b688a7000 ---p 00000000 00:00 0 
7f3b688a7000-7f3b689a7000 rw-p 00000000 00:00 0                          [stack:12996]
7f3b689a7000-7f3b689a8000 ---p 00000000 00:00 0 
7f3b689a8000-7f3b68aa8000 rw-p 00000000 00:00 0                          [stack:12995]
7f3b68aa8000-7f3b68aa9000 ---p 00000000 00:00 0 
7f3b68aa9000-7f3b68ba9000 rw-p 00000000 00:00 0                          [stack:12994]
7f3b68ba9000-7f3b68baa000 ---p 00000000 00:00 0 
7f3b68baa000-7f3b68cbf000 rw-p 00000000 00:00 0                          [stack:12993]
7f3b68cbf000-7f3b68def000 rw-p 00000000 00:00 0 
7f3b68def000-7f3b68dfa000 rw-p 00000000 00:00 0 
7f3b68dfa000-7f3b68e18000 rw-p 00000000 00:00 0 
7f3b68e18000-7f3b68e2d000 rw-p 00000000 00:00 0 
7f3b68e2d000-7f3b68f5c000 rw-p 00000000 00:00 0 
7f3b68f5c000-7f3b68f67000 rw-p 00000000 00:00 0 
7f3b68f67000-7f3b68fff000 rw-p 00000000 00:00 0 
7f3b68fff000-7f3b69000000 rw-p 00000000 00:00 0 
7f3b69000000-7f3b69270000 rwxp 00000000 00:00 0 
7f3b69270000-7f3b6c14e000 rw-p 00000000 00:00 0 
7f3b6c14e000-7f3b70000000 ---p 00000000 00:00 0 
7f3b7002d000-7f3b70060000 rw-p 00000000 00:00 0 
7f3b70060000-7f3b7007e000 rw-p 00000000 00:00 0 
7f3b7007e000-7f3b70098000 r-xp 00000000 08:06 17171957                   /home/gaoang/Software/java-7/jdk1.7.0_17/jre/lib/amd64/libzip.so
7f3b70098000-7f3b70298000 ---p 0001a000 08:06 17171957                   /home/gaoang/Software/java-7/jdk1.7.0_17/jre/lib/amd64/libzip.so
7f3b70298000-7f3b70299000 rw-p 0001a000 08:06 17171957                   /home/gaoang/Software/java-7/jdk1.7.0_17/jre/lib/amd64/libzip.so
7f3b70299000-7f3b702a5000 r-xp 00000000 08:01 919703                     /lib/x86_64-linux-gnu/libnss_files-2.15.so
7f3b702a5000-7f3b704a4000 ---p 0000c000 08:01 919703                     /lib/x86_64-linux-gnu/libnss_files-2.15.so
7f3b704a4000-7f3b704a5000 r--p 0000b000 08:01 919703                     /lib/x86_64-linux-gnu/libnss_files-2.15.so
7f3b704a5000-7f3b704a6000 rw-p 0000c000 08:01 919703                     /lib/x86_64-linux-gnu/libnss_files-2.15.so
7f3b704a6000-7f3b704b0000 r-xp 00000000 08:01 919707                     /lib/x86_64-linux-gnu/libnss_nis-2.15.so
7f3b704b0000-7f3b706b0000 ---p 0000a000 08:01 919707                     /lib/x86_64-linux-gnu/libnss_nis-2.15.so
7f3b706b0000-7f3b706b1000 r--p 0000a000 08:01 919707                     /lib/x86_64-linux-gnu/libnss_nis-2.15.so
7f3b706b1000-7f3b706b2000 rw-p 0000b000 08:01 919707                     /lib/x86_64-linux-gnu/libnss_nis-2.15.so
7f3b706b2000-7f3b706c9000 r-xp 00000000 08:01 919697                     /lib/x86_64-linux-gnu/libnsl-2.15.so
7f3b706c9000-7f3b708c8000 ---p 00017000 08:01 919697                     /lib/x86_64-linux-gnu/libnsl-2.15.so
7f3b708c8000-7f3b708c9000 r--p 00016000 08:01 919697                     /lib/x86_64-linux-gnu/libnsl-2.15.so
7f3b708c9000-7f3b708ca000 rw-p 00017000 08:01 919697                     /lib/x86_64-linux-gnu/libnsl-2.15.so
7f3b708ca000-7f3b708cc000 rw-p 00000000 00:00 0 
7f3b708cc000-7f3b708d4000 r-xp 00000000 08:01 919699                     /lib/x86_64-linux-gnu/libnss_compat-2.15.so
7f3b708d4000-7f3b70ad3000 ---p 00008000 08:01 919699                     /lib/x86_64-linux-gnu/libnss_compat-2.15.so
7f3b70ad3000-7f3b70ad4000 r--p 00007000 08:01 919699                     /lib/x86_64-linux-gnu/libnss_compat-2.15.so
7f3b70ad4000-7f3b70ad5000 rw-p 00008000 08:01 919699                     /lib/x86_64-linux-gnu/libnss_compat-2.15.so
7f3b70ad5000-7f3b711b8000 r--p 00000000 08:01 1445950                    /usr/lib/locale/locale-archive
7f3b711b8000-7f3b711bb000 r-xp 00000000 08:06 17171918                   /home/gaoang/Software/java-7/jdk1.7.0_17/jre/lib/amd64/libnpt.so
7f3b711bb000-7f3b713ba000 ---p 00003000 08:06 17171918                   /home/gaoang/Software/java-7/jdk1.7.0_17/jre/lib/amd64/libnpt.so
7f3b713ba000-7f3b713bb000 rw-p 00002000 08:06 17171918                   /home/gaoang/Software/java-7/jdk1.7.0_17/jre/lib/amd64/libnpt.so
7f3b713bb000-7f3b713f4000 r-xp 00000000 08:06 17171962                   /home/gaoang/Software/java-7/jdk1.7.0_17/jre/lib/amd64/libjdwp.so
7f3b713f4000-7f3b715f3000 ---p 00039000 08:06 17171962                   /home/gaoang/Software/java-7/jdk1.7.0_17/jre/lib/amd64/libjdwp.so
7f3b715f3000-7f3b715f5000 rw-p 00038000 08:06 17171962                   /home/gaoang/Software/java-7/jdk1.7.0_17/jre/lib/amd64/libjdwp.so
7f3b715f5000-7f3b7161e000 r-xp 00000000 08:06 17171941                   /home/gaoang/Software/java-7/jdk1.7.0_17/jre/lib/amd64/libjava.so
7f3b7161e000-7f3b7181e000 ---p 00029000 08:06 17171941                   /home/gaoang/Software/java-7/jdk1.7.0_17/jre/lib/amd64/libjava.so
7f3b7181e000-7f3b71820000 rw-p 00029000 08:06 17171941                   /home/gaoang/Software/java-7/jdk1.7.0_17/jre/lib/amd64/libjava.so
7f3b71820000-7f3b7182d000 r-xp 00000000 08:06 17171939                   /home/gaoang/Software/java-7/jdk1.7.0_17/jre/lib/amd64/libverify.so
7f3b7182d000-7f3b71a2c000 ---p 0000d000 08:06 17171939                   /home/gaoang/Software/java-7/jdk1.7.0_17/jre/lib/amd64/libverify.so
7f3b71a2c000-7f3b71a2e000 rw-p 0000c000 08:06 17171939                   /home/gaoang/Software/java-7/jdk1.7.0_17/jre/lib/amd64/libverify.so
7f3b71a2e000-7f3b71a35000 r-xp 00000000 08:01 919738                     /lib/x86_64-linux-gnu/librt-2.15.so
7f3b71a35000-7f3b71c34000 ---p 00007000 08:01 919738                     /lib/x86_64-linux-gnu/librt-2.15.so
7f3b71c34000-7f3b71c35000 r--p 00006000 08:01 919738                     /lib/x86_64-linux-gnu/librt-2.15.so
7f3b71c35000-7f3b71c36000 rw-p 00007000 08:01 919738                     /lib/x86_64-linux-gnu/librt-2.15.so
7f3b71c36000-7f3b71d31000 r-xp 00000000 08:01 919684                     /lib/x86_64-linux-gnu/libm-2.15.so
7f3b71d31000-7f3b71f30000 ---p 000fb000 08:01 919684                     /lib/x86_64-linux-gnu/libm-2.15.so
7f3b71f30000-7f3b71f31000 r--p 000fa000 08:01 919684                     /lib/x86_64-linux-gnu/libm-2.15.so
7f3b71f31000-7f3b71f32000 rw-p 000fb000 08:01 919684                     /lib/x86_64-linux-gnu/libm-2.15.so
7f3b71f32000-7f3b72979000 r-xp 00000000 08:06 17171947                   /home/gaoang/Software/java-7/jdk1.7.0_17/jre/lib/amd64/server/libjvm.so
7f3b72979000-7f3b72b79000 ---p 00a47000 08:06 17171947                   /home/gaoang/Software/java-7/jdk1.7.0_17/jre/lib/amd64/server/libjvm.so
7f3b72b79000-7f3b72c1c000 rw-p 00a47000 08:06 17171947                   /home/gaoang/Software/java-7/jdk1.7.0_17/jre/lib/amd64/server/libjvm.so
7f3b72c1c000-7f3b72c58000 rw-p 00000000 00:00 0 
7f3b72c58000-7f3b72e0d000 r-xp 00000000 08:01 919652                     /lib/x86_64-linux-gnu/libc-2.15.so
7f3b72e0d000-7f3b7300c000 ---p 001b5000 08:01 919652                     /lib/x86_64-linux-gnu/libc-2.15.so
7f3b7300c000-7f3b73010000 r--p 001b4000 08:01 919652                     /lib/x86_64-linux-gnu/libc-2.15.so
7f3b73010000-7f3b73012000 rw-p 001b8000 08:01 919652                     /lib/x86_64-linux-gnu/libc-2.15.so
7f3b73012000-7f3b73017000 rw-p 00000000 00:00 0 
7f3b73017000-7f3b73019000 r-xp 00000000 08:01 919665                     /lib/x86_64-linux-gnu/libdl-2.15.so
7f3b73019000-7f3b73219000 ---p 00002000 08:01 919665                     /lib/x86_64-linux-gnu/libdl-2.15.so
7f3b73219000-7f3b7321a000 r--p 00002000 08:01 919665                     /lib/x86_64-linux-gnu/libdl-2.15.so
7f3b7321a000-7f3b7321b000 rw-p 00003000 08:01 919665                     /lib/x86_64-linux-gnu/libdl-2.15.so
7f3b7321b000-7f3b73231000 r-xp 00000000 08:06 17171916                   /home/gaoang/Software/java-7/jdk1.7.0_17/jre/lib/amd64/jli/libjli.so
7f3b73231000-7f3b73431000 ---p 00016000 08:06 17171916                   /home/gaoang/Software/java-7/jdk1.7.0_17/jre/lib/amd64/jli/libjli.so
7f3b73431000-7f3b73432000 rw-p 00016000 08:06 17171916                   /home/gaoang/Software/java-7/jdk1.7.0_17/jre/lib/amd64/jli/libjli.so
7f3b73432000-7f3b7344a000 r-xp 00000000 08:01 919732                     /lib/x86_64-linux-gnu/libpthread-2.15.so
7f3b7344a000-7f3b73649000 ---p 00018000 08:01 919732                     /lib/x86_64-linux-gnu/libpthread-2.15.so
7f3b73649000-7f3b7364a000 r--p 00017000 08:01 919732                     /lib/x86_64-linux-gnu/libpthread-2.15.so
7f3b7364a000-7f3b7364b000 rw-p 00018000 08:01 919732                     /lib/x86_64-linux-gnu/libpthread-2.15.so
7f3b7364b000-7f3b7364f000 rw-p 00000000 00:00 0 
7f3b7364f000-7f3b73671000 r-xp 00000000 08:01 919632                     /lib/x86_64-linux-gnu/ld-2.15.so
7f3b73697000-7f3b736a1000 rw-p 00000000 00:00 0 
7f3b736a1000-7f3b73757000 rw-p 00000000 00:00 0 
7f3b73757000-7f3b73758000 ---p 00000000 00:00 0 
7f3b73758000-7f3b7385c000 rw-p 00000000 00:00 0                          [stack:12992]
7f3b73863000-7f3b73865000 rw-p 00000000 00:00 0 
7f3b73865000-7f3b7386d000 rw-s 00000000 08:01 137502                     /tmp/hsperfdata_gaoang/12986
7f3b7386d000-7f3b7386e000 rw-p 00000000 00:00 0 
7f3b7386e000-7f3b7386f000 r--p 00000000 00:00 0 
7f3b7386f000-7f3b73871000 rw-p 00000000 00:00 0 
7f3b73871000-7f3b73872000 r--p 00022000 08:01 919632                     /lib/x86_64-linux-gnu/ld-2.15.so
7f3b73872000-7f3b73874000 rw-p 00023000 08:01 919632                     /lib/x86_64-linux-gnu/ld-2.15.so
7fff0a36f000-7fff0a390000 rw-p 00000000 00:00 0                          [stack]
7fff0a3ff000-7fff0a400000 r-xp 00000000 00:00 0                          [vdso]
ffffffffff600000-ffffffffff601000 r-xp 00000000 00:00 0                  [vsyscall]

VM Arguments:
jvm_args: -agentlib:jdwp=transport=dt_socket,suspend=y,address=localhost:34759 -Dfile.encoding=UTF-8 
java_command: sortAlgo.SortWithPatialOrder
Launcher Type: SUN_STANDARD

Environment Variables:
JAVA_HOME=/home/gaoang/Software/java-7
JRE_HOME=/home/gaoang/Software/java-7/jre
CLASSPATH=.:/home/gaoang/Software/java-7/lib:/home/gaoang/Software/java-7/jre/lib
PATH=/home/gaoang/Software/java-7/jre/bin:/usr/lib/lightdm/lightdm:/home/gaoang/Software/java-7/jdk1.7.0_17/bin:/usr/local/sbin:/usr/local/bin:/usr/sbin:/usr/bin:/sbin:/bin:/usr/games
SHELL=/bin/bash
DISPLAY=:0

Signal Handlers:
SIGSEGV: [libjvm.so+0x8a5d70], sa_mask[0]=0x7ffbfeff, sa_flags=0x10000004
SIGBUS: [libjvm.so+0x8a5d70], sa_mask[0]=0x7ffbfeff, sa_flags=0x10000004
SIGFPE: [libjvm.so+0x741e50], sa_mask[0]=0x7ffbfeff, sa_flags=0x10000004
SIGPIPE: [libjvm.so+0x741e50], sa_mask[0]=0x7ffbfeff, sa_flags=0x10000004
SIGXFSZ: [libjvm.so+0x741e50], sa_mask[0]=0x7ffbfeff, sa_flags=0x10000004
SIGILL: [libjvm.so+0x741e50], sa_mask[0]=0x7ffbfeff, sa_flags=0x10000004
SIGUSR1: SIG_DFL, sa_mask[0]=0x00000000, sa_flags=0x00000000
SIGUSR2: [libjvm.so+0x7417a0], sa_mask[0]=0x00000004, sa_flags=0x10000004
SIGHUP: [libjvm.so+0x743b30], sa_mask[0]=0x7ffbfeff, sa_flags=0x10000004
SIGINT: [libjvm.so+0x743b30], sa_mask[0]=0x7ffbfeff, sa_flags=0x10000004
SIGTERM: [libjvm.so+0x743b30], sa_mask[0]=0x7ffbfeff, sa_flags=0x10000004
SIGQUIT: [libjvm.so+0x743b30], sa_mask[0]=0x7ffbfeff, sa_flags=0x10000004


---------------  S Y S T E M  ---------------

OS:wheezy/sid

uname:Linux 3.5.0-25-generic #39~precise1-Ubuntu SMP Tue Feb 26 00:07:14 UTC 2013 x86_64
libc:glibc 2.15 NPTL 2.15 
rlimit: STACK 8192k, CORE 0k, NPROC 30964, NOFILE 4096, AS infinity
load average:0.10 0.12 0.17

/proc/meminfo:
MemTotal:        3982004 kB
MemFree:         1220280 kB
Buffers:          232220 kB
Cached:           985892 kB
SwapCached:         2064 kB
Active:          1471432 kB
Inactive:         875636 kB
Active(anon):     806732 kB
Inactive(anon):   326668 kB
Active(file):     664700 kB
Inactive(file):   548968 kB
Unevictable:          16 kB
Mlocked:              16 kB
SwapTotal:       3998716 kB
SwapFree:        3994516 kB
Dirty:                56 kB
Writeback:             0 kB
AnonPages:       1128108 kB
Mapped:           177200 kB
Shmem:              4260 kB
Slab:             190844 kB
SReclaimable:     155204 kB
SUnreclaim:        35640 kB
KernelStack:        4608 kB
PageTables:        33280 kB
NFS_Unstable:          0 kB
Bounce:                0 kB
WritebackTmp:          0 kB
CommitLimit:     5989716 kB
Committed_AS:    3758588 kB
VmallocTotal:   34359738367 kB
VmallocUsed:      333272 kB
VmallocChunk:   34359393996 kB
HardwareCorrupted:     0 kB
AnonHugePages:         0 kB
HugePages_Total:       0
HugePages_Free:        0
HugePages_Rsvd:        0
HugePages_Surp:        0
Hugepagesize:       2048 kB
DirectMap4k:      440320 kB
DirectMap2M:     3688448 kB


CPU:total 8 (4 cores per cpu, 2 threads per core) family 6 model 30 stepping 5, cmov, cx8, fxsr, mmx, sse, sse2, sse3, ssse3, sse4.1, sse4.2, popcnt, ht, tsc, tscinvbit

/proc/cpuinfo:
processor	: 0
vendor_id	: GenuineIntel
cpu family	: 6
model		: 30
model name	: Intel(R) Core(TM) i7 CPU         870  @ 2.93GHz
stepping	: 5
microcode	: 0x3
cpu MHz		: 2793.000
cache size	: 8192 KB
physical id	: 0
siblings	: 8
core id		: 0
cpu cores	: 4
apicid		: 0
initial apicid	: 0
fpu		: yes
fpu_exception	: yes
cpuid level	: 11
wp		: yes
flags		: fpu vme de pse tsc msr pae mce cx8 apic sep mtrr pge mca cmov pat pse36 clflush dts acpi mmx fxsr sse sse2 ss ht tm pbe syscall nx rdtscp lm constant_tsc arch_perfmon pebs bts rep_good nopl xtopology nonstop_tsc aperfmperf pni dtes64 monitor ds_cpl vmx smx est tm2 ssse3 cx16 xtpr pdcm sse4_1 sse4_2 popcnt lahf_lm ida dtherm tpr_shadow vnmi flexpriority ept vpid
bogomips	: 5852.03
clflush size	: 64
cache_alignment	: 64
address sizes	: 36 bits physical, 48 bits virtual
power management:

processor	: 1
vendor_id	: GenuineIntel
cpu family	: 6
model		: 30
model name	: Intel(R) Core(TM) i7 CPU         870  @ 2.93GHz
stepping	: 5
microcode	: 0x3
cpu MHz		: 1995.000
cache size	: 8192 KB
physical id	: 0
siblings	: 8
core id		: 1
cpu cores	: 4
apicid		: 2
initial apicid	: 2
fpu		: yes
fpu_exception	: yes
cpuid level	: 11
wp		: yes
flags		: fpu vme de pse tsc msr pae mce cx8 apic sep mtrr pge mca cmov pat pse36 clflush dts acpi mmx fxsr sse sse2 ss ht tm pbe syscall nx rdtscp lm constant_tsc arch_perfmon pebs bts rep_good nopl xtopology nonstop_tsc aperfmperf pni dtes64 monitor ds_cpl vmx smx est tm2 ssse3 cx16 xtpr pdcm sse4_1 sse4_2 popcnt lahf_lm ida dtherm tpr_shadow vnmi flexpriority ept vpid
bogomips	: 5852.03
clflush size	: 64
cache_alignment	: 64
address sizes	: 36 bits physical, 48 bits virtual
power management:

processor	: 2
vendor_id	: GenuineIntel
cpu family	: 6
model		: 30
model name	: Intel(R) Core(TM) i7 CPU         870  @ 2.93GHz
stepping	: 5
microcode	: 0x3
cpu MHz		: 1197.000
cache size	: 8192 KB
physical id	: 0
siblings	: 8
core id		: 2
cpu cores	: 4
apicid		: 4
initial apicid	: 4
fpu		: yes
fpu_exception	: yes
cpuid level	: 11
wp		: yes
flags		: fpu vme de pse tsc msr pae mce cx8 apic sep mtrr pge mca cmov pat pse36 clflush dts acpi mmx fxsr sse sse2 ss ht tm pbe syscall nx rdtscp lm constant_tsc arch_perfmon pebs bts rep_good nopl xtopology nonstop_tsc aperfmperf pni dtes64 monitor ds_cpl vmx smx est tm2 ssse3 cx16 xtpr pdcm sse4_1 sse4_2 popcnt lahf_lm ida dtherm tpr_shadow vnmi flexpriority ept vpid
bogomips	: 5852.03
clflush size	: 64
cache_alignment	: 64
address sizes	: 36 bits physical, 48 bits virtual
power management:

processor	: 3
vendor_id	: GenuineIntel
cpu family	: 6
model		: 30
model name	: Intel(R) Core(TM) i7 CPU         870  @ 2.93GHz
stepping	: 5
microcode	: 0x3
cpu MHz		: 1197.000
cache size	: 8192 KB
physical id	: 0
siblings	: 8
core id		: 3
cpu cores	: 4
apicid		: 6
initial apicid	: 6
fpu		: yes
fpu_exception	: yes
cpuid level	: 11
wp		: yes
flags		: fpu vme de pse tsc msr pae mce cx8 apic sep mtrr pge mca cmov pat pse36 clflush dts acpi mmx fxsr sse sse2 ss ht tm pbe syscall nx rdtscp lm constant_tsc arch_perfmon pebs bts rep_good nopl xtopology nonstop_tsc aperfmperf pni dtes64 monitor ds_cpl vmx smx est tm2 ssse3 cx16 xtpr pdcm sse4_1 sse4_2 popcnt lahf_lm ida dtherm tpr_shadow vnmi flexpriority ept vpid
bogomips	: 5852.03
clflush size	: 64
cache_alignment	: 64
address sizes	: 36 bits physical, 48 bits virtual
power management:

processor	: 4
vendor_id	: GenuineIntel
cpu family	: 6
model		: 30
model name	: Intel(R) Core(TM) i7 CPU         870  @ 2.93GHz
stepping	: 5
microcode	: 0x3
cpu MHz		: 1197.000
cache size	: 8192 KB
physical id	: 0
siblings	: 8
core id		: 0
cpu cores	: 4
apicid		: 1
initial apicid	: 1
fpu		: yes
fpu_exception	: yes
cpuid level	: 11
wp		: yes
flags		: fpu vme de pse tsc msr pae mce cx8 apic sep mtrr pge mca cmov pat pse36 clflush dts acpi mmx fxsr sse sse2 ss ht tm pbe syscall nx rdtscp lm constant_tsc arch_perfmon pebs bts rep_good nopl xtopology nonstop_tsc aperfmperf pni dtes64 monitor ds_cpl vmx smx est tm2 ssse3 cx16 xtpr pdcm sse4_1 sse4_2 popcnt lahf_lm ida dtherm tpr_shadow vnmi flexpriority ept vpid
bogomips	: 5852.03
clflush size	: 64
cache_alignment	: 64
address sizes	: 36 bits physical, 48 bits virtual
power management:

processor	: 5
vendor_id	: GenuineIntel
cpu family	: 6
model		: 30
model name	: Intel(R) Core(TM) i7 CPU         870  @ 2.93GHz
stepping	: 5
microcode	: 0x3
cpu MHz		: 1197.000
cache size	: 8192 KB
physical id	: 0
siblings	: 8
core id		: 1
cpu cores	: 4
apicid		: 3
initial apicid	: 3
fpu		: yes
fpu_exception	: yes
cpuid level	: 11
wp		: yes
flags		: fpu vme de pse tsc msr pae mce cx8 apic sep mtrr pge mca cmov pat pse36 clflush dts acpi mmx fxsr sse sse2 ss ht tm pbe syscall nx rdtscp lm constant_tsc arch_perfmon pebs bts rep_good nopl xtopology nonstop_tsc aperfmperf pni dtes64 monitor ds_cpl vmx smx est tm2 ssse3 cx16 xtpr pdcm sse4_1 sse4_2 popcnt lahf_lm ida dtherm tpr_shadow vnmi flexpriority ept vpid
bogomips	: 5852.03
clflush size	: 64
cache_alignment	: 64
address sizes	: 36 bits physical, 48 bits virtual
power management:

processor	: 6
vendor_id	: GenuineIntel
cpu family	: 6
model		: 30
model name	: Intel(R) Core(TM) i7 CPU         870  @ 2.93GHz
stepping	: 5
microcode	: 0x3
cpu MHz		: 1197.000
cache size	: 8192 KB
physical id	: 0
siblings	: 8
core id		: 2
cpu cores	: 4
apicid		: 5
initial apicid	: 5
fpu		: yes
fpu_exception	: yes
cpuid level	: 11
wp		: yes
flags		: fpu vme de pse tsc msr pae mce cx8 apic sep mtrr pge mca cmov pat pse36 clflush dts acpi mmx fxsr sse sse2 ss ht tm pbe syscall nx rdtscp lm constant_tsc arch_perfmon pebs bts rep_good nopl xtopology nonstop_tsc aperfmperf pni dtes64 monitor ds_cpl vmx smx est tm2 ssse3 cx16 xtpr pdcm sse4_1 sse4_2 popcnt lahf_lm ida dtherm tpr_shadow vnmi flexpriority ept vpid
bogomips	: 5852.03
clflush size	: 64
cache_alignment	: 64
address sizes	: 36 bits physical, 48 bits virtual
power management:

processor	: 7
vendor_id	: GenuineIntel
cpu family	: 6
model		: 30
model name	: Intel(R) Core(TM) i7 CPU         870  @ 2.93GHz
stepping	: 5
microcode	: 0x3
cpu MHz		: 1197.000
cache size	: 8192 KB
physical id	: 0
siblings	: 8
core id		: 3
cpu cores	: 4
apicid		: 7
initial apicid	: 7
fpu		: yes
fpu_exception	: yes
cpuid level	: 11
wp		: yes
flags		: fpu vme de pse tsc msr pae mce cx8 apic sep mtrr pge mca cmov pat pse36 clflush dts acpi mmx fxsr sse sse2 ss ht tm pbe syscall nx rdtscp lm constant_tsc arch_perfmon pebs bts rep_good nopl xtopology nonstop_tsc aperfmperf pni dtes64 monitor ds_cpl vmx smx est tm2 ssse3 cx16 xtpr pdcm sse4_1 sse4_2 popcnt lahf_lm ida dtherm tpr_shadow vnmi flexpriority ept vpid
bogomips	: 5852.03
clflush size	: 64
cache_alignment	: 64
address sizes	: 36 bits physical, 48 bits virtual
power management:



Memory: 4k page, physical 3982004k(1220280k free), swap 3998716k(3994516k free)

vm_info: Java HotSpot(TM) 64-Bit Server VM (23.7-b01) for linux-amd64 JRE (1.7.0_17-b02), built on Mar  1 2013 02:59:06 by "java_re" with gcc 4.3.0 20080428 (Red Hat 4.3.0-8)

time: Mon Mar 18 14:09:01 2013
elapsed time: 2003 seconds

