#
# A fatal error has been detected by the Java Runtime Environment:
#
#  SIGSEGV (0xb) at pc=0x00007f580b1f018e, pid=13183, tid=140015668406016
#
# JRE version: 7.0_17-b02
# Java VM: Java HotSpot(TM) 64-Bit Server VM (23.7-b01 mixed mode linux-amd64 compressed oops)
# Problematic frame:
# V  [libjvm.so+0x5d218e]  JNIHandles::checked_resolve_jmethod_id(_jmethodID*)+0xe
#
# Failed to write core dump. Core dumps have been disabled. To enable core dumping, try "ulimit -c unlimited" before starting Java again
#
# If you would like to submit a bug report, please visit:
#   http://bugreport.sun.com/bugreport/crash.jsp
#

---------------  T H R E A D  ---------------

Current thread (0x00007f58040ff800):  JavaThread "JDWP Transport Listener: dt_socket" daemon [_thread_in_vm, id=13205, stack(0x00007f57f01da000,0x00007f57f02db000)]

siginfo:si_signo=SIGSEGV: si_errno=0, si_code=1 (SEGV_MAPERR), si_addr=0x0000000000000030

Registers:
RAX=0x0000000000000001, RBX=0x00007f5804004ef0, RCX=0x00007f580c3362c0, RDX=0x00007f580b9180e0
RSP=0x00007f57f02d9880, RBP=0x00007f57f02d9890, RSI=0x00007f58040ff800, RDI=0x0000000000000030
R8 =0x0000000000000056, R9 =0x0000000000000059, R10=0x0000000000000050, R11=0x00007f580bac8110
R12=0x0000000000000017, R13=0x0000000000000030, R14=0x00007f58040ff800, R15=0x00007f57f02d9997
RIP=0x00007f580b1f018e, EFLAGS=0x0000000000010206, CSGSFS=0x0000000000000033, ERR=0x0000000000000004
  TRAPNO=0x000000000000000e

Top of Stack: (sp=0x00007f57f02d9880)
0x00007f57f02d9880:   0000000000000074 00007f5804004ef0
0x00007f57f02d9890:   00007f57f02d9900 00007f580b1e1fbe
0x00007f57f02d98a0:   00007f57c0004320 00007f57f02d98b0
0x00007f57f02d98b0:   00007f58040ff800 0000000000000000
0x00007f57f02d98c0:   00007f5700000000 0000000000000000
0x00007f57f02d98d0:   00007f57f02d98f0 00007f580a2e0e40
0x00007f57f02d98e0:   0000000000000030 00007f57f02d9997
0x00007f57f02d98f0:   0000000000000004 00007f57f02d9997
0x00007f57f02d9900:   00007f57f02d9930 00007f580a0cc2f2
0x00007f57f02d9910:   00007f57f02d9930 0000000000000030
0x00007f57f02d9920:   00007f57f02d9a00 0000000000000020
0x00007f57f02d9930:   00007f57f02d99c0 00007f580a0ad980
0x00007f57f02d9940:   00007f57f02d9978 00007f57f02d9970
0x00007f57f02d9950:   00007f57f02d9968 00007f57f02d998c
0x00007f57f02d9960:   00000001c0002f20 0000000000000000
0x00007f57f02d9970:   0000000000000000 0000000000000000
0x00007f57f02d9980:   00007f57c0003e00 00000009f02d9a00
0x00007f57f02d9990:   0000000000000005 0000000000000002
0x00007f57f02d99a0:   000000000000000f 0000000000000002
0x00007f57f02d99b0:   00000000000f0200 000000000000000f
0x00007f57f02d99c0:   00007f57f02d9c10 00007f580a0b8806
0x00007f57f02d99d0:   000005d400000013 00007f580b0f0200
0x00007f57f02d99e0:   00007f57b8000fb0 00007f5804100550
0x00007f57f02d99f0:   00007f57f02d9a00 00007f57f02d9b90
0x00007f57f02d9a00:   00007f57c0004162 00007f5800000176
0x00007f57f02d9a10:   00007f57c00042e0 00007f580000012c
0x00007f57f02d9a20:   00007f57f02d9a50 00007f57c00042e0
0x00007f57f02d9a30:   00007f0000000000 000005d400000030
0x00007f57f02d9a40:   00007f5700009a80 00007f57f02d9a50
0x00007f57f02d9a50:   577f000005000000 06000000e01500d0
0x00007f57f02d9a60:   00007461436e6f63 6176616a4c283f00
0x00007f57f02d9a70:   72412f6c6974752f 3b7473694c796172 

Instructions: (pc=0x00007f580b1f018e)
0x00007f580b1f016e:   00 00 4c 89 f7 e8 c8 6d 1f 00 e9 4f ff ff ff 90
0x00007f580b1f017e:   90 90 55 48 89 e5 53 48 83 ec 08 48 85 ff 74 3c
0x00007f580b1f018e:   48 8b 1f 48 85 db 74 34 48 b8 fe fe fe fe fe fe
0x00007f580b1f019e:   fe fe 48 39 c3 74 25 48 8b 05 24 13 6f 00 80 38 

Register to memory mapping:

RAX=0x0000000000000001 is an unknown value
RBX=0x00007f5804004ef0 is an unknown value
RCX=0x00007f580c3362c0: <offset 0x2182c0> in /lib/x86_64-linux-gnu/libpthread.so.0 at 0x00007f580c11e000
RDX=0x00007f580b9180e0: <offset 0xcfa0e0> in /home/gaoang/Software/java-7/jdk1.7.0_17/jre/lib/amd64/server/libjvm.so at 0x00007f580ac1e000
RSP=0x00007f57f02d9880 is pointing into the stack for thread: 0x00007f58040ff800
RBP=0x00007f57f02d9890 is pointing into the stack for thread: 0x00007f58040ff800
RSI=0x00007f58040ff800 is a thread
RDI=0x0000000000000030 is an unknown value
R8 =0x0000000000000056 is an unknown value
R9 =0x0000000000000059 is an unknown value
R10=0x0000000000000050 is an unknown value
R11=0x00007f580bac8110: <offset 0x184110> in /lib/x86_64-linux-gnu/libc.so.6 at 0x00007f580b944000
R12=0x0000000000000017 is an unknown value
R13=0x0000000000000030 is an unknown value
R14=0x00007f58040ff800 is a thread
R15=0x00007f57f02d9997 is pointing into the stack for thread: 0x00007f58040ff800


Stack: [0x00007f57f01da000,0x00007f57f02db000],  sp=0x00007f57f02d9880,  free space=1022k
Native frames: (J=compiled Java code, j=interpreted, Vv=VM code, C=native code)
V  [libjvm.so+0x5d218e]  JNIHandles::checked_resolve_jmethod_id(_jmethodID*)+0xe
V  [libjvm.so+0x5c3fbe]  jvmti_IsMethodSynthetic+0x22e
C  [libjdwp.so+0x252f2]  isMethodSynthetic+0x42
C  [libjdwp.so+0x6980]  methods1+0x1b0
C  [libjdwp.so+0x11806]  debugLoop_run+0x2b6
C  [libjdwp.so+0x2422f]  attachThread+0x2f
V  [libjvm.so+0x626b57]  JvmtiAgentThread::call_start_function()+0x97
V  [libjvm.so+0x8651b8]  JavaThread::thread_main_inner()+0xc8
V  [libjvm.so+0x865308]  JavaThread::run()+0x138
V  [libjvm.so+0x746cf0]  java_start(Thread*)+0x100


---------------  P R O C E S S  ---------------

Java Threads: ( => current thread )
  0x00007f580410a800 JavaThread "Service Thread" daemon [_thread_blocked, id=13215, stack(0x00007f57e3bfc000,0x00007f57e3cfd000)]
  0x00007f5804108000 JavaThread "C2 CompilerThread1" daemon [_thread_blocked, id=13214, stack(0x00007f57e3cfd000,0x00007f57e3dfe000)]
  0x00007f5804105000 JavaThread "C2 CompilerThread0" daemon [_thread_blocked, id=13213, stack(0x00007f57e3dfe000,0x00007f57e3eff000)]
  0x00007f57c0001000 JavaThread "JDWP Command Reader" daemon [_thread_in_native, id=13209, stack(0x00007f57e3eff000,0x00007f57e4000000)]
  0x00007f5804103000 JavaThread "JDWP Event Helper Thread" daemon [_thread_blocked, id=13208, stack(0x00007f57f00d9000,0x00007f57f01da000)]
=>0x00007f58040ff800 JavaThread "JDWP Transport Listener: dt_socket" daemon [_thread_in_vm, id=13205, stack(0x00007f57f01da000,0x00007f57f02db000)]
  0x00007f58040f2800 JavaThread "Signal Dispatcher" daemon [_thread_blocked, id=13203, stack(0x00007f57f04df000,0x00007f57f05e0000)]
  0x00007f58040a7000 JavaThread "Finalizer" daemon [_thread_blocked, id=13201, stack(0x00007f57f05e0000,0x00007f57f06e1000)]
  0x00007f58040a4800 JavaThread "Reference Handler" daemon [_thread_blocked, id=13200, stack(0x00007f57f06e1000,0x00007f57f07e2000)]
  0x00007f580400b800 JavaThread "main" [_thread_blocked, id=13189, stack(0x00007f580c443000,0x00007f580c544000)]

Other Threads:
  0x00007f580409d000 VMThread [stack: 0x00007f57f07e2000,0x00007f57f08e3000] [id=13199]
  0x00007f5804115000 WatcherThread [stack: 0x00007f57e3afb000,0x00007f57e3bfc000] [id=13216]

VM state:not at safepoint (normal execution)

VM Mutex/Monitor currently owned by a thread: None

Heap
 PSYoungGen      total 18176K, used 937K [0x00000000ebb60000, 0x00000000ecfa0000, 0x0000000100000000)
  eden space 15616K, 6% used [0x00000000ebb60000,0x00000000ebc4a4b8,0x00000000ecaa0000)
  from space 2560K, 0% used [0x00000000ecd20000,0x00000000ecd20000,0x00000000ecfa0000)
  to   space 2560K, 0% used [0x00000000ecaa0000,0x00000000ecaa0000,0x00000000ecd20000)
 ParOldGen       total 41536K, used 0K [0x00000000c3200000, 0x00000000c5a90000, 0x00000000ebb60000)
  object space 41536K, 0% used [0x00000000c3200000,0x00000000c3200000,0x00000000c5a90000)
 PSPermGen       total 21248K, used 2612K [0x00000000be000000, 0x00000000bf4c0000, 0x00000000c3200000)
  object space 21248K, 12% used [0x00000000be000000,0x00000000be28d2f0,0x00000000bf4c0000)

Card table byte_map: [0x00007f5808b59000,0x00007f5808d6a000] byte_map_base: 0x00007f5808569000

Polling page: 0x00007f580c55a000

Code Cache  [0x00007f5801000000, 0x00007f5801270000, 0x00007f5804000000)
 total_blobs=170 nmethods=1 adapters=130 free_code_cache=48766Kb largest_free_block=49915584

Compilation events (2 events):
Event: 0.861 Thread 0x00007f5804108000    1             sortAlgo.SortWithPatialOrder::sortAndPrint (78 bytes)
Event: 0.882 Thread 0x00007f5804108000 nmethod 1 0x00007f5801063390 code [0x00007f5801063600, 0x00007f58010646e0]

GC Heap History (0 events):
No events

Deoptimization events (0 events):
No events

Internal exceptions (3 events):
Event: 0.021 Thread 0x00007f580400b800 Threw 0x00000000ebb661a8 at /HUDSON/workspace/jdk7u17-2-build-linux-amd64-product/jdk7u17/hotspot/src/share/vm/prims/jni.cpp:3994
Event: 0.851 Thread 0x00007f580400b800 Threw 0x00000000ebbaa648 at /HUDSON/workspace/jdk7u17-2-build-linux-amd64-product/jdk7u17/hotspot/src/share/vm/prims/jvm.cpp:1166
Event: 0.865 Thread 0x00007f580400b800 Threw 0x00000000ebc008f8 at /HUDSON/workspace/jdk7u17-2-build-linux-amd64-product/jdk7u17/hotspot/src/share/vm/interpreter/interpre

Events (10 events):
Event: 1329.558 Executing VM operation: RedefineClasses
Event: 1329.558 Executing VM operation: RedefineClasses done
Event: 1340.451 Executing VM operation: RedefineClasses
Event: 1340.451 Executing VM operation: RedefineClasses done
Event: 1403.937 Executing VM operation: RedefineClasses
Event: 1403.937 Executing VM operation: RedefineClasses done
Event: 1502.480 Executing VM operation: RedefineClasses
Event: 1502.481 Executing VM operation: RedefineClasses done
Event: 1811.745 Executing VM operation: RedefineClasses
Event: 1811.745 Executing VM operation: RedefineClasses done


Dynamic libraries:
00400000-00401000 r-xp 00000000 08:06 17041989                           /home/gaoang/Software/java-7/jdk1.7.0_17/bin/java
00600000-00601000 rw-p 00000000 08:06 17041989                           /home/gaoang/Software/java-7/jdk1.7.0_17/bin/java
0095f000-00980000 rw-p 00000000 00:00 0                                  [heap]
be000000-bf4c0000 rw-p 00000000 00:00 0 
bf4c0000-c3200000 rw-p 00000000 00:00 0 
c3200000-c5a90000 rw-p 00000000 00:00 0 
c5a90000-ebb60000 rw-p 00000000 00:00 0 
ebb60000-ecfa0000 rw-p 00000000 00:00 0 
ecfa0000-100000000 rw-p 00000000 00:00 0 
7f57a8000000-7f57a8021000 rw-p 00000000 00:00 0 
7f57a8021000-7f57ac000000 ---p 00000000 00:00 0 
7f57b0000000-7f57b0021000 rw-p 00000000 00:00 0 
7f57b0021000-7f57b4000000 ---p 00000000 00:00 0 
7f57b4000000-7f57b4021000 rw-p 00000000 00:00 0 
7f57b4021000-7f57b8000000 ---p 00000000 00:00 0 
7f57b8000000-7f57b8021000 rw-p 00000000 00:00 0 
7f57b8021000-7f57bc000000 ---p 00000000 00:00 0 
7f57bc000000-7f57bc20f000 rw-p 00000000 00:00 0 
7f57bc20f000-7f57c0000000 ---p 00000000 00:00 0 
7f57c0000000-7f57c04e5000 rw-p 00000000 00:00 0 
7f57c04e5000-7f57c4000000 ---p 00000000 00:00 0 
7f57c4000000-7f57c4021000 rw-p 00000000 00:00 0 
7f57c4021000-7f57c8000000 ---p 00000000 00:00 0 
7f57c8000000-7f57c8021000 rw-p 00000000 00:00 0 
7f57c8021000-7f57cc000000 ---p 00000000 00:00 0 
7f57cc000000-7f57cc021000 rw-p 00000000 00:00 0 
7f57cc021000-7f57d0000000 ---p 00000000 00:00 0 
7f57d0000000-7f57d04a9000 rw-p 00000000 00:00 0 
7f57d04a9000-7f57d4000000 ---p 00000000 00:00 0 
7f57d4000000-7f57d4021000 rw-p 00000000 00:00 0 
7f57d4021000-7f57d8000000 ---p 00000000 00:00 0 
7f57d8000000-7f57d8021000 rw-p 00000000 00:00 0 
7f57d8021000-7f57dc000000 ---p 00000000 00:00 0 
7f57dc000000-7f57dc021000 rw-p 00000000 00:00 0 
7f57dc021000-7f57e0000000 ---p 00000000 00:00 0 
7f57e39c2000-7f57e3afb000 rw-p 00000000 00:00 0 
7f57e3afb000-7f57e3afc000 ---p 00000000 00:00 0 
7f57e3afc000-7f57e3bfc000 rw-p 00000000 00:00 0                          [stack:13216]
7f57e3bfc000-7f57e3bff000 ---p 00000000 00:00 0 
7f57e3bff000-7f57e3cfd000 rw-p 00000000 00:00 0                          [stack:13215]
7f57e3cfd000-7f57e3d00000 ---p 00000000 00:00 0 
7f57e3d00000-7f57e3dfe000 rw-p 00000000 00:00 0                          [stack:13214]
7f57e3dfe000-7f57e3e01000 ---p 00000000 00:00 0 
7f57e3e01000-7f57e3eff000 rw-p 00000000 00:00 0                          [stack:13213]
7f57e3eff000-7f57e3f02000 ---p 00000000 00:00 0 
7f57e3f02000-7f57e4000000 rw-p 00000000 00:00 0                          [stack:13209]
7f57e4000000-7f57e4021000 rw-p 00000000 00:00 0 
7f57e4021000-7f57e8000000 ---p 00000000 00:00 0 
7f57e8000000-7f57e8021000 rw-p 00000000 00:00 0 
7f57e8021000-7f57ec000000 ---p 00000000 00:00 0 
7f57ec000000-7f57ec021000 rw-p 00000000 00:00 0 
7f57ec021000-7f57f0000000 ---p 00000000 00:00 0 
7f57f00d9000-7f57f00dc000 ---p 00000000 00:00 0 
7f57f00dc000-7f57f01da000 rw-p 00000000 00:00 0                          [stack:13208]
7f57f01da000-7f57f01dd000 ---p 00000000 00:00 0 
7f57f01dd000-7f57f02db000 rw-p 00000000 00:00 0                          [stack:13205]
7f57f02db000-7f57f02df000 r-xp 00000000 08:06 17171927                   /home/gaoang/Software/java-7/jdk1.7.0_17/jre/lib/amd64/libdt_socket.so
7f57f02df000-7f57f04de000 ---p 00004000 08:06 17171927                   /home/gaoang/Software/java-7/jdk1.7.0_17/jre/lib/amd64/libdt_socket.so
7f57f04de000-7f57f04df000 rw-p 00003000 08:06 17171927                   /home/gaoang/Software/java-7/jdk1.7.0_17/jre/lib/amd64/libdt_socket.so
7f57f04df000-7f57f04e2000 ---p 00000000 00:00 0 
7f57f04e2000-7f57f05e0000 rw-p 00000000 00:00 0                          [stack:13203]
7f57f05e0000-7f57f05e3000 ---p 00000000 00:00 0 
7f57f05e3000-7f57f06e1000 rw-p 00000000 00:00 0                          [stack:13201]
7f57f06e1000-7f57f06e4000 ---p 00000000 00:00 0 
7f57f06e4000-7f57f07e2000 rw-p 00000000 00:00 0                          [stack:13200]
7f57f07e2000-7f57f07e3000 ---p 00000000 00:00 0 
7f57f07e3000-7f57f4000000 rw-p 00000000 00:00 0                          [stack:13199]
7f57f4000000-7f57f4021000 rw-p 00000000 00:00 0 
7f57f4021000-7f57f8000000 ---p 00000000 00:00 0 
7f57f8000000-7f57f8021000 rw-p 00000000 00:00 0 
7f57f8021000-7f57fc000000 ---p 00000000 00:00 0 
7f57fc000000-7f57fc021000 rw-p 00000000 00:00 0 
7f57fc021000-7f5800000000 ---p 00000000 00:00 0 
7f5800041000-7f5800604000 rw-p 00000000 00:00 0 
7f5800604000-7f58007c0000 r--s 039dc000 08:06 17042787                   /home/gaoang/Software/java-7/jdk1.7.0_17/jre/lib/rt.jar
7f58007c0000-7f5801000000 rw-p 00000000 00:00 0 
7f5801000000-7f5801270000 rwxp 00000000 00:00 0 
7f5801270000-7f580414e000 rw-p 00000000 00:00 0 
7f580414e000-7f5808000000 ---p 00000000 00:00 0 
7f5808049000-7f58081e3000 rw-p 00000000 00:00 0 
7f58081e3000-7f58081e4000 ---p 00000000 00:00 0 
7f58081e4000-7f58082e4000 rw-p 00000000 00:00 0                          [stack:13198]
7f58082e4000-7f58082e5000 ---p 00000000 00:00 0 
7f58082e5000-7f58083e5000 rw-p 00000000 00:00 0                          [stack:13197]
7f58083e5000-7f58083e6000 ---p 00000000 00:00 0 
7f58083e6000-7f58084e6000 rw-p 00000000 00:00 0                          [stack:13196]
7f58084e6000-7f58084e7000 ---p 00000000 00:00 0 
7f58084e7000-7f58085e7000 rw-p 00000000 00:00 0                          [stack:13195]
7f58085e7000-7f58085e8000 ---p 00000000 00:00 0 
7f58085e8000-7f58086e8000 rw-p 00000000 00:00 0                          [stack:13194]
7f58086e8000-7f58086e9000 ---p 00000000 00:00 0 
7f58086e9000-7f58087e9000 rw-p 00000000 00:00 0                          [stack:13193]
7f58087e9000-7f58087ea000 ---p 00000000 00:00 0 
7f58087ea000-7f58088ea000 rw-p 00000000 00:00 0                          [stack:13192]
7f58088ea000-7f58088eb000 ---p 00000000 00:00 0 
7f58088eb000-7f58089f6000 rw-p 00000000 00:00 0                          [stack:13191]
7f58089f6000-7f5808a14000 rw-p 00000000 00:00 0 
7f5808a14000-7f5808a29000 rw-p 00000000 00:00 0 
7f5808a29000-7f5808b59000 rw-p 00000000 00:00 0 
7f5808b59000-7f5808b64000 rw-p 00000000 00:00 0 
7f5808b64000-7f5808b82000 rw-p 00000000 00:00 0 
7f5808b82000-7f5808b97000 rw-p 00000000 00:00 0 
7f5808b97000-7f5808cc6000 rw-p 00000000 00:00 0 
7f5808cc6000-7f5808cd1000 rw-p 00000000 00:00 0 
7f5808cd1000-7f5808d69000 rw-p 00000000 00:00 0 
7f5808d69000-7f5808d6a000 rw-p 00000000 00:00 0 
7f5808d6a000-7f5808d84000 r-xp 00000000 08:06 17171957                   /home/gaoang/Software/java-7/jdk1.7.0_17/jre/lib/amd64/libzip.so
7f5808d84000-7f5808f84000 ---p 0001a000 08:06 17171957                   /home/gaoang/Software/java-7/jdk1.7.0_17/jre/lib/amd64/libzip.so
7f5808f84000-7f5808f85000 rw-p 0001a000 08:06 17171957                   /home/gaoang/Software/java-7/jdk1.7.0_17/jre/lib/amd64/libzip.so
7f5808f85000-7f5808f91000 r-xp 00000000 08:01 919703                     /lib/x86_64-linux-gnu/libnss_files-2.15.so
7f5808f91000-7f5809190000 ---p 0000c000 08:01 919703                     /lib/x86_64-linux-gnu/libnss_files-2.15.so
7f5809190000-7f5809191000 r--p 0000b000 08:01 919703                     /lib/x86_64-linux-gnu/libnss_files-2.15.so
7f5809191000-7f5809192000 rw-p 0000c000 08:01 919703                     /lib/x86_64-linux-gnu/libnss_files-2.15.so
7f5809192000-7f580919c000 r-xp 00000000 08:01 919707                     /lib/x86_64-linux-gnu/libnss_nis-2.15.so
7f580919c000-7f580939c000 ---p 0000a000 08:01 919707                     /lib/x86_64-linux-gnu/libnss_nis-2.15.so
7f580939c000-7f580939d000 r--p 0000a000 08:01 919707                     /lib/x86_64-linux-gnu/libnss_nis-2.15.so
7f580939d000-7f580939e000 rw-p 0000b000 08:01 919707                     /lib/x86_64-linux-gnu/libnss_nis-2.15.so
7f580939e000-7f58093b5000 r-xp 00000000 08:01 919697                     /lib/x86_64-linux-gnu/libnsl-2.15.so
7f58093b5000-7f58095b4000 ---p 00017000 08:01 919697                     /lib/x86_64-linux-gnu/libnsl-2.15.so
7f58095b4000-7f58095b5000 r--p 00016000 08:01 919697                     /lib/x86_64-linux-gnu/libnsl-2.15.so
7f58095b5000-7f58095b6000 rw-p 00017000 08:01 919697                     /lib/x86_64-linux-gnu/libnsl-2.15.so
7f58095b6000-7f58095b8000 rw-p 00000000 00:00 0 
7f58095b8000-7f58095c0000 r-xp 00000000 08:01 919699                     /lib/x86_64-linux-gnu/libnss_compat-2.15.so
7f58095c0000-7f58097bf000 ---p 00008000 08:01 919699                     /lib/x86_64-linux-gnu/libnss_compat-2.15.so
7f58097bf000-7f58097c0000 r--p 00007000 08:01 919699                     /lib/x86_64-linux-gnu/libnss_compat-2.15.so
7f58097c0000-7f58097c1000 rw-p 00008000 08:01 919699                     /lib/x86_64-linux-gnu/libnss_compat-2.15.so
7f58097c1000-7f5809ea4000 r--p 00000000 08:01 1445950                    /usr/lib/locale/locale-archive
7f5809ea4000-7f5809ea7000 r-xp 00000000 08:06 17171918                   /home/gaoang/Software/java-7/jdk1.7.0_17/jre/lib/amd64/libnpt.so
7f5809ea7000-7f580a0a6000 ---p 00003000 08:06 17171918                   /home/gaoang/Software/java-7/jdk1.7.0_17/jre/lib/amd64/libnpt.so
7f580a0a6000-7f580a0a7000 rw-p 00002000 08:06 17171918                   /home/gaoang/Software/java-7/jdk1.7.0_17/jre/lib/amd64/libnpt.so
7f580a0a7000-7f580a0e0000 r-xp 00000000 08:06 17171962                   /home/gaoang/Software/java-7/jdk1.7.0_17/jre/lib/amd64/libjdwp.so
7f580a0e0000-7f580a2df000 ---p 00039000 08:06 17171962                   /home/gaoang/Software/java-7/jdk1.7.0_17/jre/lib/amd64/libjdwp.so
7f580a2df000-7f580a2e1000 rw-p 00038000 08:06 17171962                   /home/gaoang/Software/java-7/jdk1.7.0_17/jre/lib/amd64/libjdwp.so
7f580a2e1000-7f580a30a000 r-xp 00000000 08:06 17171941                   /home/gaoang/Software/java-7/jdk1.7.0_17/jre/lib/amd64/libjava.so
7f580a30a000-7f580a50a000 ---p 00029000 08:06 17171941                   /home/gaoang/Software/java-7/jdk1.7.0_17/jre/lib/amd64/libjava.so
7f580a50a000-7f580a50c000 rw-p 00029000 08:06 17171941                   /home/gaoang/Software/java-7/jdk1.7.0_17/jre/lib/amd64/libjava.so
7f580a50c000-7f580a519000 r-xp 00000000 08:06 17171939                   /home/gaoang/Software/java-7/jdk1.7.0_17/jre/lib/amd64/libverify.so
7f580a519000-7f580a718000 ---p 0000d000 08:06 17171939                   /home/gaoang/Software/java-7/jdk1.7.0_17/jre/lib/amd64/libverify.so
7f580a718000-7f580a71a000 rw-p 0000c000 08:06 17171939                   /home/gaoang/Software/java-7/jdk1.7.0_17/jre/lib/amd64/libverify.so
7f580a71a000-7f580a721000 r-xp 00000000 08:01 919738                     /lib/x86_64-linux-gnu/librt-2.15.so
7f580a721000-7f580a920000 ---p 00007000 08:01 919738                     /lib/x86_64-linux-gnu/librt-2.15.so
7f580a920000-7f580a921000 r--p 00006000 08:01 919738                     /lib/x86_64-linux-gnu/librt-2.15.so
7f580a921000-7f580a922000 rw-p 00007000 08:01 919738                     /lib/x86_64-linux-gnu/librt-2.15.so
7f580a922000-7f580aa1d000 r-xp 00000000 08:01 919684                     /lib/x86_64-linux-gnu/libm-2.15.so
7f580aa1d000-7f580ac1c000 ---p 000fb000 08:01 919684                     /lib/x86_64-linux-gnu/libm-2.15.so
7f580ac1c000-7f580ac1d000 r--p 000fa000 08:01 919684                     /lib/x86_64-linux-gnu/libm-2.15.so
7f580ac1d000-7f580ac1e000 rw-p 000fb000 08:01 919684                     /lib/x86_64-linux-gnu/libm-2.15.so
7f580ac1e000-7f580b665000 r-xp 00000000 08:06 17171947                   /home/gaoang/Software/java-7/jdk1.7.0_17/jre/lib/amd64/server/libjvm.so
7f580b665000-7f580b865000 ---p 00a47000 08:06 17171947                   /home/gaoang/Software/java-7/jdk1.7.0_17/jre/lib/amd64/server/libjvm.so
7f580b865000-7f580b908000 rw-p 00a47000 08:06 17171947                   /home/gaoang/Software/java-7/jdk1.7.0_17/jre/lib/amd64/server/libjvm.so
7f580b908000-7f580b944000 rw-p 00000000 00:00 0 
7f580b944000-7f580baf9000 r-xp 00000000 08:01 919652                     /lib/x86_64-linux-gnu/libc-2.15.so
7f580baf9000-7f580bcf8000 ---p 001b5000 08:01 919652                     /lib/x86_64-linux-gnu/libc-2.15.so
7f580bcf8000-7f580bcfc000 r--p 001b4000 08:01 919652                     /lib/x86_64-linux-gnu/libc-2.15.so
7f580bcfc000-7f580bcfe000 rw-p 001b8000 08:01 919652                     /lib/x86_64-linux-gnu/libc-2.15.so
7f580bcfe000-7f580bd03000 rw-p 00000000 00:00 0 
7f580bd03000-7f580bd05000 r-xp 00000000 08:01 919665                     /lib/x86_64-linux-gnu/libdl-2.15.so
7f580bd05000-7f580bf05000 ---p 00002000 08:01 919665                     /lib/x86_64-linux-gnu/libdl-2.15.so
7f580bf05000-7f580bf06000 r--p 00002000 08:01 919665                     /lib/x86_64-linux-gnu/libdl-2.15.so
7f580bf06000-7f580bf07000 rw-p 00003000 08:01 919665                     /lib/x86_64-linux-gnu/libdl-2.15.so
7f580bf07000-7f580bf1d000 r-xp 00000000 08:06 17171916                   /home/gaoang/Software/java-7/jdk1.7.0_17/jre/lib/amd64/jli/libjli.so
7f580bf1d000-7f580c11d000 ---p 00016000 08:06 17171916                   /home/gaoang/Software/java-7/jdk1.7.0_17/jre/lib/amd64/jli/libjli.so
7f580c11d000-7f580c11e000 rw-p 00016000 08:06 17171916                   /home/gaoang/Software/java-7/jdk1.7.0_17/jre/lib/amd64/jli/libjli.so
7f580c11e000-7f580c136000 r-xp 00000000 08:01 919732                     /lib/x86_64-linux-gnu/libpthread-2.15.so
7f580c136000-7f580c335000 ---p 00018000 08:01 919732                     /lib/x86_64-linux-gnu/libpthread-2.15.so
7f580c335000-7f580c336000 r--p 00017000 08:01 919732                     /lib/x86_64-linux-gnu/libpthread-2.15.so
7f580c336000-7f580c337000 rw-p 00018000 08:01 919732                     /lib/x86_64-linux-gnu/libpthread-2.15.so
7f580c337000-7f580c33b000 rw-p 00000000 00:00 0 
7f580c33b000-7f580c35d000 r-xp 00000000 08:01 919632                     /lib/x86_64-linux-gnu/ld-2.15.so
7f580c362000-7f580c38d000 rw-p 00000000 00:00 0 
7f580c38d000-7f580c443000 rw-p 00000000 00:00 0 
7f580c443000-7f580c444000 ---p 00000000 00:00 0 
7f580c444000-7f580c548000 rw-p 00000000 00:00 0                          [stack:13189]
7f580c550000-7f580c551000 rw-p 00000000 00:00 0 
7f580c551000-7f580c559000 rw-s 00000000 08:01 137504                     /tmp/hsperfdata_gaoang/13183
7f580c559000-7f580c55a000 rw-p 00000000 00:00 0 
7f580c55a000-7f580c55b000 r--p 00000000 00:00 0 
7f580c55b000-7f580c55d000 rw-p 00000000 00:00 0 
7f580c55d000-7f580c55e000 r--p 00022000 08:01 919632                     /lib/x86_64-linux-gnu/ld-2.15.so
7f580c55e000-7f580c560000 rw-p 00023000 08:01 919632                     /lib/x86_64-linux-gnu/ld-2.15.so
7fff01d96000-7fff01db7000 rw-p 00000000 00:00 0                          [stack]
7fff01dff000-7fff01e00000 r-xp 00000000 00:00 0                          [vdso]
ffffffffff600000-ffffffffff601000 r-xp 00000000 00:00 0                  [vsyscall]

VM Arguments:
jvm_args: -agentlib:jdwp=transport=dt_socket,suspend=y,address=localhost:38194 -Dfile.encoding=UTF-8 
java_command: sortAlgo.SortWithPatialOrder
Launcher Type: SUN_STANDARD

Environment Variables:
JAVA_HOME=/home/gaoang/Software/java-7
JRE_HOME=/home/gaoang/Software/java-7/jre
CLASSPATH=.:/home/gaoang/Software/java-7/lib:/home/gaoang/Software/java-7/jre/lib
PATH=/home/gaoang/Software/java-7/jre/bin:/usr/lib/lightdm/lightdm:/home/gaoang/Software/java-7/jdk1.7.0_17/bin:/usr/local/sbin:/usr/local/bin:/usr/sbin:/usr/bin:/sbin:/bin:/usr/games
SHELL=/bin/bash
DISPLAY=:0

Signal Handlers:
SIGSEGV: [libjvm.so+0x8a5d70], sa_mask[0]=0x7ffbfeff, sa_flags=0x10000004
SIGBUS: [libjvm.so+0x8a5d70], sa_mask[0]=0x7ffbfeff, sa_flags=0x10000004
SIGFPE: [libjvm.so+0x741e50], sa_mask[0]=0x7ffbfeff, sa_flags=0x10000004
SIGPIPE: [libjvm.so+0x741e50], sa_mask[0]=0x7ffbfeff, sa_flags=0x10000004
SIGXFSZ: [libjvm.so+0x741e50], sa_mask[0]=0x7ffbfeff, sa_flags=0x10000004
SIGILL: [libjvm.so+0x741e50], sa_mask[0]=0x7ffbfeff, sa_flags=0x10000004
SIGUSR1: SIG_DFL, sa_mask[0]=0x00000000, sa_flags=0x00000000
SIGUSR2: [libjvm.so+0x7417a0], sa_mask[0]=0x00000004, sa_flags=0x10000004
SIGHUP: [libjvm.so+0x743b30], sa_mask[0]=0x7ffbfeff, sa_flags=0x10000004
SIGINT: [libjvm.so+0x743b30], sa_mask[0]=0x7ffbfeff, sa_flags=0x10000004
SIGTERM: [libjvm.so+0x743b30], sa_mask[0]=0x7ffbfeff, sa_flags=0x10000004
SIGQUIT: [libjvm.so+0x743b30], sa_mask[0]=0x7ffbfeff, sa_flags=0x10000004


---------------  S Y S T E M  ---------------

OS:wheezy/sid

uname:Linux 3.5.0-25-generic #39~precise1-Ubuntu SMP Tue Feb 26 00:07:14 UTC 2013 x86_64
libc:glibc 2.15 NPTL 2.15 
rlimit: STACK 8192k, CORE 0k, NPROC 30964, NOFILE 4096, AS infinity
load average:0.10 0.12 0.17

/proc/meminfo:
MemTotal:        3982004 kB
MemFree:         1248568 kB
Buffers:          232220 kB
Cached:           985892 kB
SwapCached:         2064 kB
Active:          1446396 kB
Inactive:         873676 kB
Active(anon):     779736 kB
Inactive(anon):   326668 kB
Active(file):     666660 kB
Inactive(file):   547008 kB
Unevictable:          16 kB
Mlocked:              16 kB
SwapTotal:       3998716 kB
SwapFree:        3994516 kB
Dirty:                56 kB
Writeback:             0 kB
AnonPages:       1101004 kB
Mapped:           177200 kB
Shmem:              4260 kB
Slab:             190844 kB
SReclaimable:     155204 kB
SUnreclaim:        35640 kB
KernelStack:        4600 kB
PageTables:        32696 kB
NFS_Unstable:          0 kB
Bounce:                0 kB
WritebackTmp:          0 kB
CommitLimit:     5989716 kB
Committed_AS:    3398452 kB
VmallocTotal:   34359738367 kB
VmallocUsed:      333272 kB
VmallocChunk:   34359393996 kB
HardwareCorrupted:     0 kB
AnonHugePages:         0 kB
HugePages_Total:       0
HugePages_Free:        0
HugePages_Rsvd:        0
HugePages_Surp:        0
Hugepagesize:       2048 kB
DirectMap4k:      440320 kB
DirectMap2M:     3688448 kB


CPU:total 8 (4 cores per cpu, 2 threads per core) family 6 model 30 stepping 5, cmov, cx8, fxsr, mmx, sse, sse2, sse3, ssse3, sse4.1, sse4.2, popcnt, ht, tsc, tscinvbit

/proc/cpuinfo:
processor	: 0
vendor_id	: GenuineIntel
cpu family	: 6
model		: 30
model name	: Intel(R) Core(TM) i7 CPU         870  @ 2.93GHz
stepping	: 5
microcode	: 0x3
cpu MHz		: 2394.000
cache size	: 8192 KB
physical id	: 0
siblings	: 8
core id		: 0
cpu cores	: 4
apicid		: 0
initial apicid	: 0
fpu		: yes
fpu_exception	: yes
cpuid level	: 11
wp		: yes
flags		: fpu vme de pse tsc msr pae mce cx8 apic sep mtrr pge mca cmov pat pse36 clflush dts acpi mmx fxsr sse sse2 ss ht tm pbe syscall nx rdtscp lm constant_tsc arch_perfmon pebs bts rep_good nopl xtopology nonstop_tsc aperfmperf pni dtes64 monitor ds_cpl vmx smx est tm2 ssse3 cx16 xtpr pdcm sse4_1 sse4_2 popcnt lahf_lm ida dtherm tpr_shadow vnmi flexpriority ept vpid
bogomips	: 5852.03
clflush size	: 64
cache_alignment	: 64
address sizes	: 36 bits physical, 48 bits virtual
power management:

processor	: 1
vendor_id	: GenuineIntel
cpu family	: 6
model		: 30
model name	: Intel(R) Core(TM) i7 CPU         870  @ 2.93GHz
stepping	: 5
microcode	: 0x3
cpu MHz		: 1197.000
cache size	: 8192 KB
physical id	: 0
siblings	: 8
core id		: 1
cpu cores	: 4
apicid		: 2
initial apicid	: 2
fpu		: yes
fpu_exception	: yes
cpuid level	: 11
wp		: yes
flags		: fpu vme de pse tsc msr pae mce cx8 apic sep mtrr pge mca cmov pat pse36 clflush dts acpi mmx fxsr sse sse2 ss ht tm pbe syscall nx rdtscp lm constant_tsc arch_perfmon pebs bts rep_good nopl xtopology nonstop_tsc aperfmperf pni dtes64 monitor ds_cpl vmx smx est tm2 ssse3 cx16 xtpr pdcm sse4_1 sse4_2 popcnt lahf_lm ida dtherm tpr_shadow vnmi flexpriority ept vpid
bogomips	: 5852.03
clflush size	: 64
cache_alignment	: 64
address sizes	: 36 bits physical, 48 bits virtual
power management:

processor	: 2
vendor_id	: GenuineIntel
cpu family	: 6
model		: 30
model name	: Intel(R) Core(TM) i7 CPU         870  @ 2.93GHz
stepping	: 5
microcode	: 0x3
cpu MHz		: 1197.000
cache size	: 8192 KB
physical id	: 0
siblings	: 8
core id		: 2
cpu cores	: 4
apicid		: 4
initial apicid	: 4
fpu		: yes
fpu_exception	: yes
cpuid level	: 11
wp		: yes
flags		: fpu vme de pse tsc msr pae mce cx8 apic sep mtrr pge mca cmov pat pse36 clflush dts acpi mmx fxsr sse sse2 ss ht tm pbe syscall nx rdtscp lm constant_tsc arch_perfmon pebs bts rep_good nopl xtopology nonstop_tsc aperfmperf pni dtes64 monitor ds_cpl vmx smx est tm2 ssse3 cx16 xtpr pdcm sse4_1 sse4_2 popcnt lahf_lm ida dtherm tpr_shadow vnmi flexpriority ept vpid
bogomips	: 5852.03
clflush size	: 64
cache_alignment	: 64
address sizes	: 36 bits physical, 48 bits virtual
power management:

processor	: 3
vendor_id	: GenuineIntel
cpu family	: 6
model		: 30
model name	: Intel(R) Core(TM) i7 CPU         870  @ 2.93GHz
stepping	: 5
microcode	: 0x3
cpu MHz		: 1197.000
cache size	: 8192 KB
physical id	: 0
siblings	: 8
core id		: 3
cpu cores	: 4
apicid		: 6
initial apicid	: 6
fpu		: yes
fpu_exception	: yes
cpuid level	: 11
wp		: yes
flags		: fpu vme de pse tsc msr pae mce cx8 apic sep mtrr pge mca cmov pat pse36 clflush dts acpi mmx fxsr sse sse2 ss ht tm pbe syscall nx rdtscp lm constant_tsc arch_perfmon pebs bts rep_good nopl xtopology nonstop_tsc aperfmperf pni dtes64 monitor ds_cpl vmx smx est tm2 ssse3 cx16 xtpr pdcm sse4_1 sse4_2 popcnt lahf_lm ida dtherm tpr_shadow vnmi flexpriority ept vpid
bogomips	: 5852.03
clflush size	: 64
cache_alignment	: 64
address sizes	: 36 bits physical, 48 bits virtual
power management:

processor	: 4
vendor_id	: GenuineIntel
cpu family	: 6
model		: 30
model name	: Intel(R) Core(TM) i7 CPU         870  @ 2.93GHz
stepping	: 5
microcode	: 0x3
cpu MHz		: 1197.000
cache size	: 8192 KB
physical id	: 0
siblings	: 8
core id		: 0
cpu cores	: 4
apicid		: 1
initial apicid	: 1
fpu		: yes
fpu_exception	: yes
cpuid level	: 11
wp		: yes
flags		: fpu vme de pse tsc msr pae mce cx8 apic sep mtrr pge mca cmov pat pse36 clflush dts acpi mmx fxsr sse sse2 ss ht tm pbe syscall nx rdtscp lm constant_tsc arch_perfmon pebs bts rep_good nopl xtopology nonstop_tsc aperfmperf pni dtes64 monitor ds_cpl vmx smx est tm2 ssse3 cx16 xtpr pdcm sse4_1 sse4_2 popcnt lahf_lm ida dtherm tpr_shadow vnmi flexpriority ept vpid
bogomips	: 5852.03
clflush size	: 64
cache_alignment	: 64
address sizes	: 36 bits physical, 48 bits virtual
power management:

processor	: 5
vendor_id	: GenuineIntel
cpu family	: 6
model		: 30
model name	: Intel(R) Core(TM) i7 CPU         870  @ 2.93GHz
stepping	: 5
microcode	: 0x3
cpu MHz		: 1197.000
cache size	: 8192 KB
physical id	: 0
siblings	: 8
core id		: 1
cpu cores	: 4
apicid		: 3
initial apicid	: 3
fpu		: yes
fpu_exception	: yes
cpuid level	: 11
wp		: yes
flags		: fpu vme de pse tsc msr pae mce cx8 apic sep mtrr pge mca cmov pat pse36 clflush dts acpi mmx fxsr sse sse2 ss ht tm pbe syscall nx rdtscp lm constant_tsc arch_perfmon pebs bts rep_good nopl xtopology nonstop_tsc aperfmperf pni dtes64 monitor ds_cpl vmx smx est tm2 ssse3 cx16 xtpr pdcm sse4_1 sse4_2 popcnt lahf_lm ida dtherm tpr_shadow vnmi flexpriority ept vpid
bogomips	: 5852.03
clflush size	: 64
cache_alignment	: 64
address sizes	: 36 bits physical, 48 bits virtual
power management:

processor	: 6
vendor_id	: GenuineIntel
cpu family	: 6
model		: 30
model name	: Intel(R) Core(TM) i7 CPU         870  @ 2.93GHz
stepping	: 5
microcode	: 0x3
cpu MHz		: 2793.000
cache size	: 8192 KB
physical id	: 0
siblings	: 8
core id		: 2
cpu cores	: 4
apicid		: 5
initial apicid	: 5
fpu		: yes
fpu_exception	: yes
cpuid level	: 11
wp		: yes
flags		: fpu vme de pse tsc msr pae mce cx8 apic sep mtrr pge mca cmov pat pse36 clflush dts acpi mmx fxsr sse sse2 ss ht tm pbe syscall nx rdtscp lm constant_tsc arch_perfmon pebs bts rep_good nopl xtopology nonstop_tsc aperfmperf pni dtes64 monitor ds_cpl vmx smx est tm2 ssse3 cx16 xtpr pdcm sse4_1 sse4_2 popcnt lahf_lm ida dtherm tpr_shadow vnmi flexpriority ept vpid
bogomips	: 5852.03
clflush size	: 64
cache_alignment	: 64
address sizes	: 36 bits physical, 48 bits virtual
power management:

processor	: 7
vendor_id	: GenuineIntel
cpu family	: 6
model		: 30
model name	: Intel(R) Core(TM) i7 CPU         870  @ 2.93GHz
stepping	: 5
microcode	: 0x3
cpu MHz		: 1197.000
cache size	: 8192 KB
physical id	: 0
siblings	: 8
core id		: 3
cpu cores	: 4
apicid		: 7
initial apicid	: 7
fpu		: yes
fpu_exception	: yes
cpuid level	: 11
wp		: yes
flags		: fpu vme de pse tsc msr pae mce cx8 apic sep mtrr pge mca cmov pat pse36 clflush dts acpi mmx fxsr sse sse2 ss ht tm pbe syscall nx rdtscp lm constant_tsc arch_perfmon pebs bts rep_good nopl xtopology nonstop_tsc aperfmperf pni dtes64 monitor ds_cpl vmx smx est tm2 ssse3 cx16 xtpr pdcm sse4_1 sse4_2 popcnt lahf_lm ida dtherm tpr_shadow vnmi flexpriority ept vpid
bogomips	: 5852.03
clflush size	: 64
cache_alignment	: 64
address sizes	: 36 bits physical, 48 bits virtual
power management:



Memory: 4k page, physical 3982004k(1248568k free), swap 3998716k(3994516k free)

vm_info: Java HotSpot(TM) 64-Bit Server VM (23.7-b01) for linux-amd64 JRE (1.7.0_17-b02), built on Mar  1 2013 02:59:06 by "java_re" with gcc 4.3.0 20080428 (Red Hat 4.3.0-8)

time: Mon Mar 18 14:09:01 2013
elapsed time: 1811 seconds

